#
# A fatal error has been detected by the Java Runtime Environment:
#
#  SIGSEGV (0xb) at pc=0x0000779cc57383f3, pid=4640, tid=4640
#
# JRE version: OpenJDK Runtime Environment Zulu17.44+53-CA (17.0.8.1+1) (build 17.0.8.1+1-LTS)
# Java VM: OpenJDK 64-Bit Server VM Zulu17.44+53-CA (17.0.8.1+1-LTS, mixed mode, sharing, tiered, compressed oops, compressed class ptrs, g1 gc, linux-amd64)
# Problematic frame:
# V  [libjvm.so+0x8a93f3]  jni_CallStaticVoidMethodV+0x83
#
# Core dump will be written. Default location: Core dumps may be processed with "/usr/share/apport/apport -p%p -s%s -c%c -d%d -P%P -u%u -g%g -- %E" (or dumping to /home/runner/GraphingCalculator/build/core.4640)
#
# If you would like to submit a bug report, please visit:
#   http://www.azul.com/support/
#

---------------  S U M M A R Y ------------

Command Line: 

Host: AMD EPYC 7B12, 8 cores, 62G, Ubuntu 20.04.2 LTS
Time: Wed Apr 17 15:10:01 2024 UTC elapsed time: 0.106879 seconds (0d 0h 0m 0s)

---------------  T H R E A D  ---------------

Current thread (0x0000000001150cb0):  JavaThread "main" [_thread_in_vm, id=4640, stack(0x00007ffecceef000,0x00007ffeccfef000)]

Stack: [0x00007ffecceef000,0x00007ffeccfef000],  sp=0x00007ffeccfe5b90,  free space=986k
Native frames: (J=compiled Java code, j=interpreted, Vv=VM code, C=native code)
V  [libjvm.so+0x8a93f3]  jni_CallStaticVoidMethodV+0x83
C  [GCALC+0x3d43]


siginfo: si_signo: 11 (SIGSEGV), si_code: 1 (SEGV_MAPERR), si_addr: 0x0000000000000000

Register to memory mapping:

RAX=0x0 is NULL
RBX=0x0000000001150cb0 is a thread
RCX=0x00007ffeccfe5c40 is pointing into the stack for thread: 0x0000000001150cb0
RDX=0x0000000001151638 points into unknown readable memory: 0x0000000451818730 | 30 87 81 51 04 00 00 00
RSP=0x00007ffeccfe5b90 is pointing into the stack for thread: 0x0000000001150cb0
RBP=0x00007ffeccfe5c30 is pointing into the stack for thread: 0x0000000001150cb0
RSI=0x0000000001150cb0 is a thread
RDI=0x0000000001150cb0 is a thread
R8 =0x00000000000007d0 is an unknown value
R9 =0x0 is NULL
R10=0x0 is NULL
R11=0x0 is NULL
R12=0x00007ffeccfe5bc0 is pointing into the stack for thread: 0x0000000001150cb0
R13=0x0 is NULL
R14=0x00007ffeccfe5c40 is pointing into the stack for thread: 0x0000000001150cb0
R15=0x0 is NULL


Registers:
RAX=0x0000000000000000, RBX=0x0000000001150cb0, RCX=0x00007ffeccfe5c40, RDX=0x0000000001151638
RSP=0x00007ffeccfe5b90, RBP=0x00007ffeccfe5c30, RSI=0x0000000001150cb0, RDI=0x0000000001150cb0
R8 =0x00000000000007d0, R9 =0x0000000000000000, R10=0x0000000000000000, R11=0x0000000000000000
R12=0x00007ffeccfe5bc0, R13=0x0000000000000000, R14=0x00007ffeccfe5c40, R15=0x0000000000000000
RIP=0x0000779cc57383f3, EFLAGS=0x0000000000010206, CSGSFS=0x002b000000000033, ERR=0x0000000000000004
  TRAPNO=0x000000000000000e

Top of Stack: (sp=0x00007ffeccfe5b90)
0x00007ffeccfe5b90:   00007ffeccfe5bf0 0000779cc5cd0afc
0x00007ffeccfe5ba0:   0000000001150cb0 0000000001151630
0x00007ffeccfe5bb0:   0000000000000431 0000779cc5e8a538
0x00007ffeccfe5bc0:   000000000040600e 000000000131bcd0 

Instructions: (pc=0x0000779cc57383f3)
0x0000779cc57382f3:   ff 0f 11 85 18 ff ff ff 49 89 44 24 38 e8 4b d3
0x0000779cc5738303:   ff ff 4c 89 e7 e8 63 98 00 00 90 48 83 bd d8 fe
0x0000779cc5738313:   ff ff 00 74 0c 48 8d bd d0 fe ff ff e8 0c e1 37
0x0000779cc5738323:   00 48 8b bb e8 00 00 00 e8 c0 97 00 00 48 8d bb
0x0000779cc5738333:   98 02 00 00 e8 f4 2c e2 ff c7 83 48 03 00 00 04
0x0000779cc5738343:   00 00 00 48 81 c4 40 01 00 00 5b 41 5c 41 5d 41
0x0000779cc5738353:   5e 5d c3 66 2e 0f 1f 84 00 00 00 00 00 48 89 df
0x0000779cc5738363:   31 db e8 c6 7c 5e 00 e9 c7 fe ff ff 90 55 48 89
0x0000779cc5738373:   e5 41 57 49 89 f7 41 56 49 89 ce 41 55 49 89 d5
0x0000779cc5738383:   41 54 49 89 fc 53 48 8d 9f 48 fd ff ff 48 83 ec
0x0000779cc5738393:   78 8b 83 70 03 00 00 2d ab de 00 00 83 f8 01 0f
0x0000779cc57383a3:   87 e8 00 00 00 c7 83 48 03 00 00 05 00 00 00 f0
0x0000779cc57383b3:   83 04 24 00 48 89 df e8 71 e2 fe ff 48 83 7b 08
0x0000779cc57383c3:   00 c7 83 48 03 00 00 06 00 00 00 48 89 9d 70 ff
0x0000779cc57383d3:   ff ff 48 c7 85 78 ff ff ff 00 00 00 00 74 0c 48
0x0000779cc57383e3:   8d bd 70 ff ff ff e8 f2 df 37 00 90 4c 8d 65 90
0x0000779cc57383f3:   49 8b 75 00 c7 85 60 ff ff ff 0e 00 00 00 4c 89
0x0000779cc5738403:   e7 e8 97 9c 00 00 f3 41 0f 6f 06 48 89 d9 4c 89
0x0000779cc5738413:   e2 48 8d 05 9d cd 9a 00 48 8d bd 60 ff ff ff 4c
0x0000779cc5738423:   89 ee 48 89 45 90 49 8b 46 10 0f 11 45 b8 49 89
0x0000779cc5738433:   44 24 38 e8 15 d2 ff ff 4c 89 e7 e8 2d 97 00 00
0x0000779cc5738443:   90 48 83 bd 78 ff ff ff 00 74 0c 48 8d bd 70 ff
0x0000779cc5738453:   ff ff e8 d6 df 37 00 48 8b bb e8 00 00 00 e8 8a
0x0000779cc5738463:   96 00 00 48 8d bb 98 02 00 00 e8 be 2b e2 ff c7
0x0000779cc5738473:   83 48 03 00 00 04 00 00 00 48 83 c4 78 5b 41 5c
0x0000779cc5738483:   41 5d 41 5e 41 5f 5d c3 0f 1f 44 00 00 48 89 df
0x0000779cc5738493:   31 db e8 96 7b 5e 00 e9 09 ff ff ff 90 55 48 89
0x0000779cc57384a3:   e5 41 57 49 89 d7 41 56 41 55 49 89 fd 41 54 53
0x0000779cc57384b3:   48 89 cb 48 81 ec 18 01 00 00 4c 8b 26 64 48 8b
0x0000779cc57384c3:   04 25 28 00 00 00 48 89 45 c8 31 c0 48 89 8d d8
0x0000779cc57384d3:   fe ff ff 4c 89 a5 d0 fe ff ff 4d 85 e4 74 29 4c
0x0000779cc57384e3:   8b b1 50 02 00 00 49 63 36 41 3b 76 04 0f 84 1a 


Stack slot to memory mapping:
stack at sp + 0 slots: 0x00007ffeccfe5bf0 is pointing into the stack for thread: 0x0000000001150cb0
stack at sp + 1 slots: 0x0000779cc5cd0afc: <offset 0x0000000000e41afc> in /nix/store/ppdlxyq8bgmk8djxq7vryvx4s6hxlmwj-zulu17.44.53-ca-jdk-17.0.8.1/lib/server/libjvm.so at 0x0000779cc4e8f000
stack at sp + 2 slots: 0x0000000001150cb0 is a thread
stack at sp + 3 slots: 0x0000000001151630 points into unknown readable memory: 0x0000000451818788 | 88 87 81 51 04 00 00 00
stack at sp + 4 slots: 0x0000000000000431 is an unknown value
stack at sp + 5 slots: 0x0000779cc5e8a538: <offset 0x0000000000ffb538> in /nix/store/ppdlxyq8bgmk8djxq7vryvx4s6hxlmwj-zulu17.44.53-ca-jdk-17.0.8.1/lib/server/libjvm.so at 0x0000779cc4e8f000
stack at sp + 6 slots: 0x000000000040600e: <offset 0x000000000000600e> in ./GCALC at 0x0000000000400000
stack at sp + 7 slots: 0x000000000131bcd0 points into unknown readable memory: 0x6143000918bb0000 | 00 00 bb 18 09 00 43 61


---------------  P R O C E S S  ---------------

Threads class SMR info:
_java_thread_list=0x000000000131a550, length=10, elements={
0x0000000001150cb0, 0x00000000012f48e0, 0x00000000012f5ce0, 0x00000000012fb270,
0x00000000012fc640, 0x00000000012fda70, 0x00000000012ff440, 0x0000000001300990,
0x0000000001301e20, 0x0000000001319580
}

Java Threads: ( => current thread )
=>0x0000000001150cb0 JavaThread "main" [_thread_in_vm, id=4640, stack(0x00007ffecceef000,0x00007ffeccfef000)]
  0x00000000012f48e0 JavaThread "Reference Handler" daemon [_thread_blocked, id=4715, stack(0x0000779c847e1000,0x0000779c848e1000)]
  0x00000000012f5ce0 JavaThread "Finalizer" daemon [_thread_blocked, id=4716, stack(0x0000779c846e1000,0x0000779c847e1000)]
  0x00000000012fb270 JavaThread "Signal Dispatcher" daemon [_thread_blocked, id=4717, stack(0x0000779c842fb000,0x0000779c843fb000)]
  0x00000000012fc640 JavaThread "Service Thread" daemon [_thread_blocked, id=4718, stack(0x0000779c841fb000,0x0000779c842fb000)]
  0x00000000012fda70 JavaThread "Monitor Deflation Thread" daemon [_thread_blocked, id=4719, stack(0x0000779c840fb000,0x0000779c841fb000)]
  0x00000000012ff440 JavaThread "C2 CompilerThread0" daemon [_thread_blocked, id=4720, stack(0x0000779c2af00000,0x0000779c2b000000)]
  0x0000000001300990 JavaThread "C1 CompilerThread0" daemon [_thread_blocked, id=4721, stack(0x0000779c2ae00000,0x0000779c2af00000)]
  0x0000000001301e20 JavaThread "Sweeper thread" daemon [_thread_blocked, id=4722, stack(0x0000779c2ad00000,0x0000779c2ae00000)]
  0x0000000001319580 JavaThread "Notification Thread" daemon [_thread_blocked, id=4723, stack(0x0000779c2ac00000,0x0000779c2ad00000)]

Other Threads:
  0x00000000012f0930 VMThread "VM Thread" [stack: 0x0000779c848e3000,0x0000779c849e3000] [id=4714]
  0x000000000131aee0 WatcherThread [stack: 0x0000779c2ab00000,0x0000779c2ac00000] [id=4724]
  0x0000000001180d10 GCTaskThread "GC Thread#0" [stack: 0x0000779c87619000,0x0000779c87719000] [id=4709]
  0x0000000001191e60 ConcurrentGCThread "G1 Main Marker" [stack: 0x0000779c87517000,0x0000779c87617000] [id=4710]
  0x0000000001192df0 ConcurrentGCThread "G1 Conc#0" [stack: 0x0000779c87415000,0x0000779c87515000] [id=4711]
  0x00000000012be390 ConcurrentGCThread "G1 Refine#0" [stack: 0x0000779c84d0d000,0x0000779c84e0d000] [id=4712]
  0x00000000012bf2a0 ConcurrentGCThread "G1 Service" [stack: 0x0000779c84c0b000,0x0000779c84d0b000] [id=4713]

Threads with active compile tasks:

VM state: not at safepoint (normal execution)

VM Mutex/Monitor currently owned by a thread: None

Heap address: 0x0000000413000000, size: 16080 MB, Compressed Oops mode: Zero based, Oop shift amount: 3

CDS archive(s) mapped at: [0x0000779c2f000000-0x0000779c2fc10000-0x0000779c2fc10000), size 12648448, SharedBaseAddress: 0x0000779c2f000000, ArchiveRelocationMode: 1.
Compressed class space mapped at: 0x0000779c30000000-0x0000779c70000000, reserved size: 1073741824
Narrow klass base: 0x0000779c2f000000, Narrow klass shift: 0, Narrow klass range: 0x100000000

GC Precious Log:
 CPUs: 8 total, 6 available
 Memory: 64292M
 Large Page Support: Disabled
 NUMA Support: Disabled
 Compressed Oops: Enabled (Zero based)
 Heap Region Size: 8M
 Heap Min Capacity: 8M
 Heap Initial Capacity: 1008M
 Heap Max Capacity: 16080M
 Pre-touch: Disabled
 Parallel Workers: 6
 Concurrent Workers: 2
 Concurrent Refinement Workers: 6
 Periodic GC: Disabled

Heap:
 garbage-first heap   total 1048576K, used 8172K [0x0000000413000000, 0x0000000800000000)
  region size 8192K, 1 young (8192K), 0 survivors (0K)
 Metaspace       used 65K, committed 128K, reserved 1114112K
  class space    used 3K, committed 64K, reserved 1048576K

Heap Regions: E=young(eden), S=young(survivor), O=old, HS=humongous(starts), HC=humongous(continues), CS=collection set, F=free, OA=open archive, CA=closed archive, TAMS=top-at-mark-start (previous, next)
|   0|0x0000000413000000, 0x0000000413000000, 0x0000000413800000|  0%| F|  |TAMS 0x0000000413000000, 0x0000000413000000| Untracked 
|   1|0x0000000413800000, 0x0000000413800000, 0x0000000414000000|  0%| F|  |TAMS 0x0000000413800000, 0x0000000413800000| Untracked 
|   2|0x0000000414000000, 0x0000000414000000, 0x0000000414800000|  0%| F|  |TAMS 0x0000000414000000, 0x0000000414000000| Untracked 
|   3|0x0000000414800000, 0x0000000414800000, 0x0000000415000000|  0%| F|  |TAMS 0x0000000414800000, 0x0000000414800000| Untracked 
|   4|0x0000000415000000, 0x0000000415000000, 0x0000000415800000|  0%| F|  |TAMS 0x0000000415000000, 0x0000000415000000| Untracked 
|   5|0x0000000415800000, 0x0000000415800000, 0x0000000416000000|  0%| F|  |TAMS 0x0000000415800000, 0x0000000415800000| Untracked 
|   6|0x0000000416000000, 0x0000000416000000, 0x0000000416800000|  0%| F|  |TAMS 0x0000000416000000, 0x0000000416000000| Untracked 
|   7|0x0000000416800000, 0x0000000416800000, 0x0000000417000000|  0%| F|  |TAMS 0x0000000416800000, 0x0000000416800000| Untracked 
|   8|0x0000000417000000, 0x0000000417000000, 0x0000000417800000|  0%| F|  |TAMS 0x0000000417000000, 0x0000000417000000| Untracked 
|   9|0x0000000417800000, 0x0000000417800000, 0x0000000418000000|  0%| F|  |TAMS 0x0000000417800000, 0x0000000417800000| Untracked 
|  10|0x0000000418000000, 0x0000000418000000, 0x0000000418800000|  0%| F|  |TAMS 0x0000000418000000, 0x0000000418000000| Untracked 
|  11|0x0000000418800000, 0x0000000418800000, 0x0000000419000000|  0%| F|  |TAMS 0x0000000418800000, 0x0000000418800000| Untracked 
|  12|0x0000000419000000, 0x0000000419000000, 0x0000000419800000|  0%| F|  |TAMS 0x0000000419000000, 0x0000000419000000| Untracked 
|  13|0x0000000419800000, 0x0000000419800000, 0x000000041a000000|  0%| F|  |TAMS 0x0000000419800000, 0x0000000419800000| Untracked 
|  14|0x000000041a000000, 0x000000041a000000, 0x000000041a800000|  0%| F|  |TAMS 0x000000041a000000, 0x000000041a000000| Untracked 
|  15|0x000000041a800000, 0x000000041a800000, 0x000000041b000000|  0%| F|  |TAMS 0x000000041a800000, 0x000000041a800000| Untracked 
|  16|0x000000041b000000, 0x000000041b000000, 0x000000041b800000|  0%| F|  |TAMS 0x000000041b000000, 0x000000041b000000| Untracked 
|  17|0x000000041b800000, 0x000000041b800000, 0x000000041c000000|  0%| F|  |TAMS 0x000000041b800000, 0x000000041b800000| Untracked 
|  18|0x000000041c000000, 0x000000041c000000, 0x000000041c800000|  0%| F|  |TAMS 0x000000041c000000, 0x000000041c000000| Untracked 
|  19|0x000000041c800000, 0x000000041c800000, 0x000000041d000000|  0%| F|  |TAMS 0x000000041c800000, 0x000000041c800000| Untracked 
|  20|0x000000041d000000, 0x000000041d000000, 0x000000041d800000|  0%| F|  |TAMS 0x000000041d000000, 0x000000041d000000| Untracked 
|  21|0x000000041d800000, 0x000000041d800000, 0x000000041e000000|  0%| F|  |TAMS 0x000000041d800000, 0x000000041d800000| Untracked 
|  22|0x000000041e000000, 0x000000041e000000, 0x000000041e800000|  0%| F|  |TAMS 0x000000041e000000, 0x000000041e000000| Untracked 
|  23|0x000000041e800000, 0x000000041e800000, 0x000000041f000000|  0%| F|  |TAMS 0x000000041e800000, 0x000000041e800000| Untracked 
|  24|0x000000041f000000, 0x000000041f000000, 0x000000041f800000|  0%| F|  |TAMS 0x000000041f000000, 0x000000041f000000| Untracked 
|  25|0x000000041f800000, 0x000000041f800000, 0x0000000420000000|  0%| F|  |TAMS 0x000000041f800000, 0x000000041f800000| Untracked 
|  26|0x0000000420000000, 0x0000000420000000, 0x0000000420800000|  0%| F|  |TAMS 0x0000000420000000, 0x0000000420000000| Untracked 
|  27|0x0000000420800000, 0x0000000420800000, 0x0000000421000000|  0%| F|  |TAMS 0x0000000420800000, 0x0000000420800000| Untracked 
|  28|0x0000000421000000, 0x0000000421000000, 0x0000000421800000|  0%| F|  |TAMS 0x0000000421000000, 0x0000000421000000| Untracked 
|  29|0x0000000421800000, 0x0000000421800000, 0x0000000422000000|  0%| F|  |TAMS 0x0000000421800000, 0x0000000421800000| Untracked 
|  30|0x0000000422000000, 0x0000000422000000, 0x0000000422800000|  0%| F|  |TAMS 0x0000000422000000, 0x0000000422000000| Untracked 
|  31|0x0000000422800000, 0x0000000422800000, 0x0000000423000000|  0%| F|  |TAMS 0x0000000422800000, 0x0000000422800000| Untracked 
|  32|0x0000000423000000, 0x0000000423000000, 0x0000000423800000|  0%| F|  |TAMS 0x0000000423000000, 0x0000000423000000| Untracked 
|  33|0x0000000423800000, 0x0000000423800000, 0x0000000424000000|  0%| F|  |TAMS 0x0000000423800000, 0x0000000423800000| Untracked 
|  34|0x0000000424000000, 0x0000000424000000, 0x0000000424800000|  0%| F|  |TAMS 0x0000000424000000, 0x0000000424000000| Untracked 
|  35|0x0000000424800000, 0x0000000424800000, 0x0000000425000000|  0%| F|  |TAMS 0x0000000424800000, 0x0000000424800000| Untracked 
|  36|0x0000000425000000, 0x0000000425000000, 0x0000000425800000|  0%| F|  |TAMS 0x0000000425000000, 0x0000000425000000| Untracked 
|  37|0x0000000425800000, 0x0000000425800000, 0x0000000426000000|  0%| F|  |TAMS 0x0000000425800000, 0x0000000425800000| Untracked 
|  38|0x0000000426000000, 0x0000000426000000, 0x0000000426800000|  0%| F|  |TAMS 0x0000000426000000, 0x0000000426000000| Untracked 
|  39|0x0000000426800000, 0x0000000426800000, 0x0000000427000000|  0%| F|  |TAMS 0x0000000426800000, 0x0000000426800000| Untracked 
|  40|0x0000000427000000, 0x0000000427000000, 0x0000000427800000|  0%| F|  |TAMS 0x0000000427000000, 0x0000000427000000| Untracked 
|  41|0x0000000427800000, 0x0000000427800000, 0x0000000428000000|  0%| F|  |TAMS 0x0000000427800000, 0x0000000427800000| Untracked 
|  42|0x0000000428000000, 0x0000000428000000, 0x0000000428800000|  0%| F|  |TAMS 0x0000000428000000, 0x0000000428000000| Untracked 
|  43|0x0000000428800000, 0x0000000428800000, 0x0000000429000000|  0%| F|  |TAMS 0x0000000428800000, 0x0000000428800000| Untracked 
|  44|0x0000000429000000, 0x0000000429000000, 0x0000000429800000|  0%| F|  |TAMS 0x0000000429000000, 0x0000000429000000| Untracked 
|  45|0x0000000429800000, 0x0000000429800000, 0x000000042a000000|  0%| F|  |TAMS 0x0000000429800000, 0x0000000429800000| Untracked 
|  46|0x000000042a000000, 0x000000042a000000, 0x000000042a800000|  0%| F|  |TAMS 0x000000042a000000, 0x000000042a000000| Untracked 
|  47|0x000000042a800000, 0x000000042a800000, 0x000000042b000000|  0%| F|  |TAMS 0x000000042a800000, 0x000000042a800000| Untracked 
|  48|0x000000042b000000, 0x000000042b000000, 0x000000042b800000|  0%| F|  |TAMS 0x000000042b000000, 0x000000042b000000| Untracked 
|  49|0x000000042b800000, 0x000000042b800000, 0x000000042c000000|  0%| F|  |TAMS 0x000000042b800000, 0x000000042b800000| Untracked 
|  50|0x000000042c000000, 0x000000042c000000, 0x000000042c800000|  0%| F|  |TAMS 0x000000042c000000, 0x000000042c000000| Untracked 
|  51|0x000000042c800000, 0x000000042c800000, 0x000000042d000000|  0%| F|  |TAMS 0x000000042c800000, 0x000000042c800000| Untracked 
|  52|0x000000042d000000, 0x000000042d000000, 0x000000042d800000|  0%| F|  |TAMS 0x000000042d000000, 0x000000042d000000| Untracked 
|  53|0x000000042d800000, 0x000000042d800000, 0x000000042e000000|  0%| F|  |TAMS 0x000000042d800000, 0x000000042d800000| Untracked 
|  54|0x000000042e000000, 0x000000042e000000, 0x000000042e800000|  0%| F|  |TAMS 0x000000042e000000, 0x000000042e000000| Untracked 
|  55|0x000000042e800000, 0x000000042e800000, 0x000000042f000000|  0%| F|  |TAMS 0x000000042e800000, 0x000000042e800000| Untracked 
|  56|0x000000042f000000, 0x000000042f000000, 0x000000042f800000|  0%| F|  |TAMS 0x000000042f000000, 0x000000042f000000| Untracked 
|  57|0x000000042f800000, 0x000000042f800000, 0x0000000430000000|  0%| F|  |TAMS 0x000000042f800000, 0x000000042f800000| Untracked 
|  58|0x0000000430000000, 0x0000000430000000, 0x0000000430800000|  0%| F|  |TAMS 0x0000000430000000, 0x0000000430000000| Untracked 
|  59|0x0000000430800000, 0x0000000430800000, 0x0000000431000000|  0%| F|  |TAMS 0x0000000430800000, 0x0000000430800000| Untracked 
|  60|0x0000000431000000, 0x0000000431000000, 0x0000000431800000|  0%| F|  |TAMS 0x0000000431000000, 0x0000000431000000| Untracked 
|  61|0x0000000431800000, 0x0000000431800000, 0x0000000432000000|  0%| F|  |TAMS 0x0000000431800000, 0x0000000431800000| Untracked 
|  62|0x0000000432000000, 0x0000000432000000, 0x0000000432800000|  0%| F|  |TAMS 0x0000000432000000, 0x0000000432000000| Untracked 
|  63|0x0000000432800000, 0x0000000432800000, 0x0000000433000000|  0%| F|  |TAMS 0x0000000432800000, 0x0000000432800000| Untracked 
|  64|0x0000000433000000, 0x0000000433000000, 0x0000000433800000|  0%| F|  |TAMS 0x0000000433000000, 0x0000000433000000| Untracked 
|  65|0x0000000433800000, 0x0000000433800000, 0x0000000434000000|  0%| F|  |TAMS 0x0000000433800000, 0x0000000433800000| Untracked 
|  66|0x0000000434000000, 0x0000000434000000, 0x0000000434800000|  0%| F|  |TAMS 0x0000000434000000, 0x0000000434000000| Untracked 
|  67|0x0000000434800000, 0x0000000434800000, 0x0000000435000000|  0%| F|  |TAMS 0x0000000434800000, 0x0000000434800000| Untracked 
|  68|0x0000000435000000, 0x0000000435000000, 0x0000000435800000|  0%| F|  |TAMS 0x0000000435000000, 0x0000000435000000| Untracked 
|  69|0x0000000435800000, 0x0000000435800000, 0x0000000436000000|  0%| F|  |TAMS 0x0000000435800000, 0x0000000435800000| Untracked 
|  70|0x0000000436000000, 0x0000000436000000, 0x0000000436800000|  0%| F|  |TAMS 0x0000000436000000, 0x0000000436000000| Untracked 
|  71|0x0000000436800000, 0x0000000436800000, 0x0000000437000000|  0%| F|  |TAMS 0x0000000436800000, 0x0000000436800000| Untracked 
|  72|0x0000000437000000, 0x0000000437000000, 0x0000000437800000|  0%| F|  |TAMS 0x0000000437000000, 0x0000000437000000| Untracked 
|  73|0x0000000437800000, 0x0000000437800000, 0x0000000438000000|  0%| F|  |TAMS 0x0000000437800000, 0x0000000437800000| Untracked 
|  74|0x0000000438000000, 0x0000000438000000, 0x0000000438800000|  0%| F|  |TAMS 0x0000000438000000, 0x0000000438000000| Untracked 
|  75|0x0000000438800000, 0x0000000438800000, 0x0000000439000000|  0%| F|  |TAMS 0x0000000438800000, 0x0000000438800000| Untracked 
|  76|0x0000000439000000, 0x0000000439000000, 0x0000000439800000|  0%| F|  |TAMS 0x0000000439000000, 0x0000000439000000| Untracked 
|  77|0x0000000439800000, 0x0000000439800000, 0x000000043a000000|  0%| F|  |TAMS 0x0000000439800000, 0x0000000439800000| Untracked 
|  78|0x000000043a000000, 0x000000043a000000, 0x000000043a800000|  0%| F|  |TAMS 0x000000043a000000, 0x000000043a000000| Untracked 
|  79|0x000000043a800000, 0x000000043a800000, 0x000000043b000000|  0%| F|  |TAMS 0x000000043a800000, 0x000000043a800000| Untracked 
|  80|0x000000043b000000, 0x000000043b000000, 0x000000043b800000|  0%| F|  |TAMS 0x000000043b000000, 0x000000043b000000| Untracked 
|  81|0x000000043b800000, 0x000000043b800000, 0x000000043c000000|  0%| F|  |TAMS 0x000000043b800000, 0x000000043b800000| Untracked 
|  82|0x000000043c000000, 0x000000043c000000, 0x000000043c800000|  0%| F|  |TAMS 0x000000043c000000, 0x000000043c000000| Untracked 
|  83|0x000000043c800000, 0x000000043c800000, 0x000000043d000000|  0%| F|  |TAMS 0x000000043c800000, 0x000000043c800000| Untracked 
|  84|0x000000043d000000, 0x000000043d000000, 0x000000043d800000|  0%| F|  |TAMS 0x000000043d000000, 0x000000043d000000| Untracked 
|  85|0x000000043d800000, 0x000000043d800000, 0x000000043e000000|  0%| F|  |TAMS 0x000000043d800000, 0x000000043d800000| Untracked 
|  86|0x000000043e000000, 0x000000043e000000, 0x000000043e800000|  0%| F|  |TAMS 0x000000043e000000, 0x000000043e000000| Untracked 
|  87|0x000000043e800000, 0x000000043e800000, 0x000000043f000000|  0%| F|  |TAMS 0x000000043e800000, 0x000000043e800000| Untracked 
|  88|0x000000043f000000, 0x000000043f000000, 0x000000043f800000|  0%| F|  |TAMS 0x000000043f000000, 0x000000043f000000| Untracked 
|  89|0x000000043f800000, 0x000000043f800000, 0x0000000440000000|  0%| F|  |TAMS 0x000000043f800000, 0x000000043f800000| Untracked 
|  90|0x0000000440000000, 0x0000000440000000, 0x0000000440800000|  0%| F|  |TAMS 0x0000000440000000, 0x0000000440000000| Untracked 
|  91|0x0000000440800000, 0x0000000440800000, 0x0000000441000000|  0%| F|  |TAMS 0x0000000440800000, 0x0000000440800000| Untracked 
|  92|0x0000000441000000, 0x0000000441000000, 0x0000000441800000|  0%| F|  |TAMS 0x0000000441000000, 0x0000000441000000| Untracked 
|  93|0x0000000441800000, 0x0000000441800000, 0x0000000442000000|  0%| F|  |TAMS 0x0000000441800000, 0x0000000441800000| Untracked 
|  94|0x0000000442000000, 0x0000000442000000, 0x0000000442800000|  0%| F|  |TAMS 0x0000000442000000, 0x0000000442000000| Untracked 
|  95|0x0000000442800000, 0x0000000442800000, 0x0000000443000000|  0%| F|  |TAMS 0x0000000442800000, 0x0000000442800000| Untracked 
|  96|0x0000000443000000, 0x0000000443000000, 0x0000000443800000|  0%| F|  |TAMS 0x0000000443000000, 0x0000000443000000| Untracked 
|  97|0x0000000443800000, 0x0000000443800000, 0x0000000444000000|  0%| F|  |TAMS 0x0000000443800000, 0x0000000443800000| Untracked 
|  98|0x0000000444000000, 0x0000000444000000, 0x0000000444800000|  0%| F|  |TAMS 0x0000000444000000, 0x0000000444000000| Untracked 
|  99|0x0000000444800000, 0x0000000444800000, 0x0000000445000000|  0%| F|  |TAMS 0x0000000444800000, 0x0000000444800000| Untracked 
| 100|0x0000000445000000, 0x0000000445000000, 0x0000000445800000|  0%| F|  |TAMS 0x0000000445000000, 0x0000000445000000| Untracked 
| 101|0x0000000445800000, 0x0000000445800000, 0x0000000446000000|  0%| F|  |TAMS 0x0000000445800000, 0x0000000445800000| Untracked 
| 102|0x0000000446000000, 0x0000000446000000, 0x0000000446800000|  0%| F|  |TAMS 0x0000000446000000, 0x0000000446000000| Untracked 
| 103|0x0000000446800000, 0x0000000446800000, 0x0000000447000000|  0%| F|  |TAMS 0x0000000446800000, 0x0000000446800000| Untracked 
| 104|0x0000000447000000, 0x0000000447000000, 0x0000000447800000|  0%| F|  |TAMS 0x0000000447000000, 0x0000000447000000| Untracked 
| 105|0x0000000447800000, 0x0000000447800000, 0x0000000448000000|  0%| F|  |TAMS 0x0000000447800000, 0x0000000447800000| Untracked 
| 106|0x0000000448000000, 0x0000000448000000, 0x0000000448800000|  0%| F|  |TAMS 0x0000000448000000, 0x0000000448000000| Untracked 
| 107|0x0000000448800000, 0x0000000448800000, 0x0000000449000000|  0%| F|  |TAMS 0x0000000448800000, 0x0000000448800000| Untracked 
| 108|0x0000000449000000, 0x0000000449000000, 0x0000000449800000|  0%| F|  |TAMS 0x0000000449000000, 0x0000000449000000| Untracked 
| 109|0x0000000449800000, 0x0000000449800000, 0x000000044a000000|  0%| F|  |TAMS 0x0000000449800000, 0x0000000449800000| Untracked 
| 110|0x000000044a000000, 0x000000044a000000, 0x000000044a800000|  0%| F|  |TAMS 0x000000044a000000, 0x000000044a000000| Untracked 
| 111|0x000000044a800000, 0x000000044a800000, 0x000000044b000000|  0%| F|  |TAMS 0x000000044a800000, 0x000000044a800000| Untracked 
| 112|0x000000044b000000, 0x000000044b000000, 0x000000044b800000|  0%| F|  |TAMS 0x000000044b000000, 0x000000044b000000| Untracked 
| 113|0x000000044b800000, 0x000000044b800000, 0x000000044c000000|  0%| F|  |TAMS 0x000000044b800000, 0x000000044b800000| Untracked 
| 114|0x000000044c000000, 0x000000044c000000, 0x000000044c800000|  0%| F|  |TAMS 0x000000044c000000, 0x000000044c000000| Untracked 
| 115|0x000000044c800000, 0x000000044c800000, 0x000000044d000000|  0%| F|  |TAMS 0x000000044c800000, 0x000000044c800000| Untracked 
| 116|0x000000044d000000, 0x000000044d000000, 0x000000044d800000|  0%| F|  |TAMS 0x000000044d000000, 0x000000044d000000| Untracked 
| 117|0x000000044d800000, 0x000000044d800000, 0x000000044e000000|  0%| F|  |TAMS 0x000000044d800000, 0x000000044d800000| Untracked 
| 118|0x000000044e000000, 0x000000044e000000, 0x000000044e800000|  0%| F|  |TAMS 0x000000044e000000, 0x000000044e000000| Untracked 
| 119|0x000000044e800000, 0x000000044e800000, 0x000000044f000000|  0%| F|  |TAMS 0x000000044e800000, 0x000000044e800000| Untracked 
| 120|0x000000044f000000, 0x000000044f000000, 0x000000044f800000|  0%| F|  |TAMS 0x000000044f000000, 0x000000044f000000| Untracked 
| 121|0x000000044f800000, 0x000000044f800000, 0x0000000450000000|  0%| F|  |TAMS 0x000000044f800000, 0x000000044f800000| Untracked 
| 122|0x0000000450000000, 0x0000000450000000, 0x0000000450800000|  0%| F|  |TAMS 0x0000000450000000, 0x0000000450000000| Untracked 
| 123|0x0000000450800000, 0x0000000450800000, 0x0000000451000000|  0%| F|  |TAMS 0x0000000450800000, 0x0000000450800000| Untracked 
| 124|0x0000000451000000, 0x0000000451000000, 0x0000000451800000|  0%| F|  |TAMS 0x0000000451000000, 0x0000000451000000| Untracked 
| 125|0x0000000451800000, 0x00000004518f5c38, 0x0000000452000000| 12%| E|  |TAMS 0x0000000451800000, 0x0000000451800000| Complete 
|2008|0x00000007ff000000, 0x00000007ff778000, 0x00000007ff800000| 93%|OA|  |TAMS 0x00000007ff000000, 0x00000007ff000000| Untracked 
|2009|0x00000007ff800000, 0x00000007ff883000, 0x0000000800000000|  6%|CA|  |TAMS 0x00000007ff800000, 0x00000007ff800000| Untracked 

Card table byte_map: [0x0000779ca8dc2000,0x0000779caad2a000] _byte_map_base: 0x0000779ca6d2a000

Marking Bits (Prev, Next): (CMBitMap*) 0x00000000011817b0, (CMBitMap*) 0x00000000011817f0
 Prev Bits: [0x0000779c9731a000, 0x0000779ca6e5a000)
 Next Bits: [0x0000779c877da000, 0x0000779c9731a000)

Polling page: 0x0000779cbc500000

Metaspace:

Usage:
  Non-class:     62.03 KB used.
      Class:      3.42 KB used.
       Both:     65.45 KB used.

Virtual space:
  Non-class space:       64.00 MB reserved,      64.00 KB ( <1%) committed,  1 nodes.
      Class space:        1.00 GB reserved,      64.00 KB ( <1%) committed,  1 nodes.
             Both:        1.06 GB reserved,     128.00 KB ( <1%) committed. 

Chunk freelists:
   Non-Class:  12.00 MB
       Class:  15.75 MB
        Both:  27.75 MB

MaxMetaspaceSize: unlimited
CompressedClassSpaceSize: 1.00 GB
Initial GC threshold: 21.00 MB
Current GC threshold: 21.00 MB
CDS: on
MetaspaceReclaimPolicy: balanced
 - commit_granule_bytes: 65536.
 - commit_granule_words: 8192.
 - virtual_space_node_default_size: 8388608.
 - enlarge_chunks_in_place: 1.
 - new_chunks_are_fully_committed: 0.
 - uncommit_free_chunks: 1.
 - use_allocation_guard: 0.
 - handle_deallocations: 1.


Internal statistics:

num_allocs_failed_limit: 0.
num_arena_births: 2.
num_arena_deaths: 0.
num_vsnodes_births: 2.
num_vsnodes_deaths: 0.
num_space_committed: 2.
num_space_uncommitted: 0.
num_chunks_returned_to_freelist: 0.
num_chunks_taken_from_freelist: 3.
num_chunk_merges: 0.
num_chunk_splits: 2.
num_chunks_enlarged: 0.
num_inconsistent_stats: 0.

CodeHeap 'non-profiled nmethods': size=120032Kb used=0Kb max_used=0Kb free=120032Kb
 bounds [0x0000779cb4fc0000, 0x0000779cb5230000, 0x0000779cbc4f8000]
CodeHeap 'profiled nmethods': size=120028Kb used=3Kb max_used=3Kb free=120024Kb
 bounds [0x0000779cad4f8000, 0x0000779cad768000, 0x0000779cb4a2f000]
CodeHeap 'non-nmethods': size=5700Kb used=1020Kb max_used=1034Kb free=4679Kb
 bounds [0x0000779cb4a2f000, 0x0000779cb4c9f000, 0x0000779cb4fc0000]
 total_blobs=280 nmethods=3 adapters=192
 compilation: enabled
              stopped_count=0, restarted_count=0
 full_count=0

Compilation events (3 events):
Event: 0.035 Thread 0x0000000001300990    1       3       java.lang.Object::<init> (1 bytes)
Event: 0.035 Thread 0x0000000001300990 nmethod 1 0x0000779cad4f8010 code [0x0000779cad4f81a0, 0x0000779cad4f82b0]
Event: 0.097 Thread 0x0000000001300990    2       3       java.lang.String::hashCode (60 bytes)

GC Heap History (0 events):
No events

Dll operation events (2 events):
Event: 0.003 Loaded shared library /nix/store/ppdlxyq8bgmk8djxq7vryvx4s6hxlmwj-zulu17.44.53-ca-jdk-17.0.8.1/lib/libjava.so
Event: 0.024 Loaded shared library /nix/store/ppdlxyq8bgmk8djxq7vryvx4s6hxlmwj-zulu17.44.53-ca-jdk-17.0.8.1/lib/libjsvml.so

Deoptimization events (0 events):
No events

Classes unloaded (0 events):
No events

Classes redefined (0 events):
No events

Internal exceptions (2 events):
Event: 0.098 Thread 0x0000000001150cb0 Exception <a 'java/lang/NoClassDefFoundError'{0x0000000451818460}: CalcRegex> (0x0000000451818460) 
thrown [src/hotspot/share/classfile/systemDictionary.cpp, line 248]
Event: 0.098 Thread 0x0000000001150cb0 Exception <a 'java/lang/NoSuchMethodError'{0x0000000451818788}: confirmAlive> (0x0000000451818788) 
thrown [src/hotspot/share/prims/jni.cpp, line 1073]

VM Operations (0 events):
No events

Events (20 events):
Event: 0.032 Thread 0x00000000012fc640 Thread added: 0x00000000012fc640
Event: 0.032 Protecting memory [0x0000779c841fb000,0x0000779c841ff000] with protection modes 0
Event: 0.032 Thread 0x00000000012fda70 Thread added: 0x00000000012fda70
Event: 0.032 Protecting memory [0x0000779c840fb000,0x0000779c840ff000] with protection modes 0
Event: 0.032 Thread 0x00000000012ff440 Thread added: 0x00000000012ff440
Event: 0.032 Protecting memory [0x0000779c2af00000,0x0000779c2af04000] with protection modes 0
Event: 0.032 Thread 0x0000000001300990 Thread added: 0x0000000001300990
Event: 0.032 Protecting memory [0x0000779c2ae00000,0x0000779c2ae04000] with protection modes 0
Event: 0.033 Thread 0x0000000001301e20 Thread added: 0x0000000001301e20
Event: 0.033 Protecting memory [0x0000779c2ad00000,0x0000779c2ad04000] with protection modes 0
Event: 0.036 Thread 0x0000000001319580 Thread added: 0x0000000001319580
Event: 0.036 loading class jdk/internal/vm/PostVMInitHook
Event: 0.036 loading class jdk/internal/vm/PostVMInitHook done
Event: 0.037 Protecting memory [0x0000779c2ac00000,0x0000779c2ac04000] with protection modes 0
Event: 0.098 loading class java/io/FileNotFoundException
Event: 0.098 loading class java/io/IOException
Event: 0.098 loading class java/io/IOException done
Event: 0.098 loading class java/io/FileNotFoundException done
Event: 0.098 loading class java/security/PrivilegedActionException
Event: 0.098 loading class java/security/PrivilegedActionException done


Dynamic libraries:
00400000-00402000 r--p 00000000 00:199 17611                             /home/runner/GraphingCalculator/build/GCALC
00402000-00406000 r-xp 00002000 00:199 17611                             /home/runner/GraphingCalculator/build/GCALC
00406000-00407000 r--p 00006000 00:199 17611                             /home/runner/GraphingCalculator/build/GCALC
00407000-00408000 r--p 00007000 00:199 17611                             /home/runner/GraphingCalculator/build/GCALC
00408000-00409000 rw-p 00008000 00:199 17611                             /home/runner/GraphingCalculator/build/GCALC
010f1000-01376000 rw-p 00000000 00:00 0                                  [heap]
413000000-452000000 rw-p 00000000 00:00 0 
452000000-7ff000000 ---p 00000000 00:00 0 
7ff000000-7ff700000 rw-p 00000000 00:00 0 
7ff700000-7ff778000 rw-p 00ccd000 08:10 487310452                        /nix/store/ppdlxyq8bgmk8djxq7vryvx4s6hxlmwj-zulu17.44.53-ca-jdk-17.0.8.1/lib/server/classes.jsa
7ff778000-7ff800000 rw-p 00000000 00:00 0 
7ff800000-7ff883000 rw-p 00c4a000 08:10 487310452                        /nix/store/ppdlxyq8bgmk8djxq7vryvx4s6hxlmwj-zulu17.44.53-ca-jdk-17.0.8.1/lib/server/classes.jsa
7ff883000-800000000 rw-p 00000000 00:00 0 
779bfc000000-779bfc021000 rw-p 00000000 00:00 0 
779bfc021000-779c00000000 ---p 00000000 00:00 0 
779c00000000-779c00021000 rw-p 00000000 00:00 0 
779c00021000-779c04000000 ---p 00000000 00:00 0 
779c04000000-779c0402d000 rw-p 00000000 00:00 0 
779c0402d000-779c08000000 ---p 00000000 00:00 0 
779c08000000-779c08021000 rw-p 00000000 00:00 0 
779c08021000-779c0c000000 ---p 00000000 00:00 0 
779c0c000000-779c0c021000 rw-p 00000000 00:00 0 
779c0c021000-779c10000000 ---p 00000000 00:00 0 
779c10000000-779c1004e000 rw-p 00000000 00:00 0 
779c1004e000-779c14000000 ---p 00000000 00:00 0 
779c14000000-779c14021000 rw-p 00000000 00:00 0 
779c14021000-779c18000000 ---p 00000000 00:00 0 
779c18000000-779c18021000 rw-p 00000000 00:00 0 
779c18021000-779c1c000000 ---p 00000000 00:00 0 
779c1c000000-779c1c021000 rw-p 00000000 00:00 0 
779c1c021000-779c20000000 ---p 00000000 00:00 0 
779c20000000-779c20021000 rw-p 00000000 00:00 0 
779c20021000-779c24000000 ---p 00000000 00:00 0 
779c24000000-779c24021000 rw-p 00000000 00:00 0 
779c24021000-779c28000000 ---p 00000000 00:00 0 
779c2a707000-779c2aafe000 rw-p 00000000 00:00 0 
779c2aafe000-779c2aaff000 ---p 00000000 00:00 0 
779c2aaff000-779c2ac00000 rw-p 00000000 00:00 0 
779c2ac00000-779c2ac04000 ---p 00000000 00:00 0 
779c2ac04000-779c2ad00000 rw-p 00000000 00:00 0 
779c2ad00000-779c2ad04000 ---p 00000000 00:00 0 
779c2ad04000-779c2ae00000 rw-p 00000000 00:00 0 
779c2ae00000-779c2ae04000 ---p 00000000 00:00 0 
779c2ae04000-779c2af00000 rw-p 00000000 00:00 0 
779c2af00000-779c2af04000 ---p 00000000 00:00 0 
779c2af04000-779c2b010000 rw-p 00000000 00:00 0 
779c2b010000-779c2f000000 ---p 00000000 00:00 0 
779c2f000000-779c2f483000 rw-p 00001000 08:10 487310452                  /nix/store/ppdlxyq8bgmk8djxq7vryvx4s6hxlmwj-zulu17.44.53-ca-jdk-17.0.8.1/lib/server/classes.jsa
779c2f483000-779c2fc10000 rw-p 00484000 08:10 487310452                  /nix/store/ppdlxyq8bgmk8djxq7vryvx4s6hxlmwj-zulu17.44.53-ca-jdk-17.0.8.1/lib/server/classes.jsa
779c2fc10000-779c30040000 ---p 00000000 00:00 0 
779c30040000-779c30050000 rw-p 00000000 00:00 0 
779c30050000-779c70000000 ---p 00000000 00:00 0 
779c70000000-779c70021000 rw-p 00000000 00:00 0 
779c70021000-779c74000000 ---p 00000000 00:00 0 
779c74000000-779c74021000 rw-p 00000000 00:00 0 
779c74021000-779c78000000 ---p 00000000 00:00 0 
779c78000000-779c78021000 rw-p 00000000 00:00 0 
779c78021000-779c7c000000 ---p 00000000 00:00 0 
779c7c000000-779c7c021000 rw-p 00000000 00:00 0 
779c7c021000-779c80000000 ---p 00000000 00:00 0 
779c80000000-779c80021000 rw-p 00000000 00:00 0 
779c80021000-779c84000000 ---p 00000000 00:00 0 
779c840fb000-779c840ff000 ---p 00000000 00:00 0 
779c840ff000-779c841fb000 rw-p 00000000 00:00 0 
779c841fb000-779c841ff000 ---p 00000000 00:00 0 
779c841ff000-779c842fb000 rw-p 00000000 00:00 0 
779c842fb000-779c842ff000 ---p 00000000 00:00 0 
779c842ff000-779c843fb000 rw-p 00000000 00:00 0 
779c843fb000-779c846e1000 r--p 00000000 08:01 1552245                    /usr/lib/locale/locale-archive
779c846e1000-779c846e5000 ---p 00000000 00:00 0 
779c846e5000-779c847e1000 rw-p 00000000 00:00 0 
779c847e1000-779c847e5000 ---p 00000000 00:00 0 
779c847e5000-779c848e1000 rw-p 00000000 00:00 0 
779c848e1000-779c848e2000 ---p 00000000 00:00 0 
779c848e2000-779c849e3000 rw-p 00000000 00:00 0 
779c849e3000-779c84ab1000 r-xp 00000000 08:10 487306477                  /nix/store/ppdlxyq8bgmk8djxq7vryvx4s6hxlmwj-zulu17.44.53-ca-jdk-17.0.8.1/lib/libjsvml.so
779c84ab1000-779c84ab2000 r--p 000cd000 08:10 487306477                  /nix/store/ppdlxyq8bgmk8djxq7vryvx4s6hxlmwj-zulu17.44.53-ca-jdk-17.0.8.1/lib/libjsvml.so
779c84ab2000-779c84ab3000 rw-p 000ce000 08:10 487306477                  /nix/store/ppdlxyq8bgmk8djxq7vryvx4s6hxlmwj-zulu17.44.53-ca-jdk-17.0.8.1/lib/libjsvml.so
779c84ab3000-779c84bd0000 rw-p 00000000 00:00 0 
779c84c09000-779c84c0a000 ---p 00000000 00:00 0 
779c84c0a000-779c84d0b000 rw-p 00000000 00:00 0 
779c84d0b000-779c84d0c000 ---p 00000000 00:00 0 
779c84d0c000-779c87413000 rw-p 00000000 00:00 0 
779c87413000-779c87414000 ---p 00000000 00:00 0 
779c87414000-779c87515000 rw-p 00000000 00:00 0 
779c87515000-779c87516000 ---p 00000000 00:00 0 
779c87516000-779c87617000 rw-p 00000000 00:00 0 
779c87617000-779c87618000 ---p 00000000 00:00 0 
779c87618000-779c8879a000 rw-p 00000000 00:00 0 
779c8879a000-779c972da000 ---p 00000000 00:00 0 
779c972da000-779c982da000 rw-p 00000000 00:00 0 
779c982da000-779ca6e1a000 ---p 00000000 00:00 0 
779ca6e1a000-779ca7052000 rw-p 00000000 00:00 0 
779ca7052000-779ca8dba000 ---p 00000000 00:00 0 
779ca8dba000-779ca8fba000 rw-p 00000000 00:00 0 
779ca8fba000-779caad22000 ---p 00000000 00:00 0 
779caad22000-779caaf22000 rw-p 00000000 00:00 0 
779caaf22000-779cacc8a000 ---p 00000000 00:00 0 
779cacc8a000-779cad31b000 rw-p 00000000 00:00 0 
779cad31b000-779cad401000 ---p 00000000 00:00 0 
779cad401000-779cad406000 rw-p 00000000 00:00 0 
779cad406000-779cad4ec000 ---p 00000000 00:00 0 
779cad4ec000-779cad4f1000 rw-p 00000000 00:00 0 
779cad4f1000-779cad4f8000 ---p 00000000 00:00 0 
779cad4f8000-779cad768000 rwxp 00000000 00:00 0 
779cad768000-779cb4a2f000 ---p 00000000 00:00 0 
779cb4a2f000-779cb4c9f000 rwxp 00000000 00:00 0 
779cb4c9f000-779cb4fc0000 ---p 00000000 00:00 0 
779cb4fc0000-779cb5230000 rwxp 00000000 00:00 0 
779cb5230000-779cbc4f8000 ---p 00000000 00:00 0 
779cbc4f8000-779cbc500000 rw-s 00000000 00:58 457                        /tmp/hsperfdata_runner/4640
779cbc500000-779cbc501000 ---p 00000000 00:00 0 
779cbc501000-779cbc502000 r--p 00000000 00:00 0 
779cbc502000-779cbc503000 ---p 00000000 00:00 0 
779cbc503000-779cc412b000 r--s 00000000 08:10 487306611                  /nix/store/ppdlxyq8bgmk8djxq7vryvx4s6hxlmwj-zulu17.44.53-ca-jdk-17.0.8.1/lib/modules
779cc412b000-779cc4146000 r-xp 00000000 08:10 487306473                  /nix/store/ppdlxyq8bgmk8djxq7vryvx4s6hxlmwj-zulu17.44.53-ca-jdk-17.0.8.1/lib/libjimage.so
779cc4146000-779cc4148000 r--p 0001a000 08:10 487306473                  /nix/store/ppdlxyq8bgmk8djxq7vryvx4s6hxlmwj-zulu17.44.53-ca-jdk-17.0.8.1/lib/libjimage.so
779cc4148000-779cc4149000 rw-p 0001c000 08:10 487306473                  /nix/store/ppdlxyq8bgmk8djxq7vryvx4s6hxlmwj-zulu17.44.53-ca-jdk-17.0.8.1/lib/libjimage.so
779cc4149000-779cc414a000 rw-p 00023000 08:10 487306473                  /nix/store/ppdlxyq8bgmk8djxq7vryvx4s6hxlmwj-zulu17.44.53-ca-jdk-17.0.8.1/lib/libjimage.so
779cc414a000-779cc4151000 rw-p 00000000 00:00 0 
779cc4151000-779cc4152000 r--p 00000000 08:10 465189931                  /nix/store/qmaqgf4cj8mkfc98d6pd3ardz092f146-brotli-1.1.0-lib/lib/libbrotlicommon.so.1.1.0
779cc4152000-779cc4153000 r-xp 00001000 08:10 465189931                  /nix/store/qmaqgf4cj8mkfc98d6pd3ardz092f146-brotli-1.1.0-lib/lib/libbrotlicommon.so.1.1.0
779cc4153000-779cc4172000 r--p 00002000 08:10 465189931                  /nix/store/qmaqgf4cj8mkfc98d6pd3ardz092f146-brotli-1.1.0-lib/lib/libbrotlicommon.so.1.1.0
779cc4172000-779cc4173000 r--p 00021000 08:10 465189931                  /nix/store/qmaqgf4cj8mkfc98d6pd3ardz092f146-brotli-1.1.0-lib/lib/libbrotlicommon.so.1.1.0
779cc4173000-779cc4174000 rw-p 00022000 08:10 465189931                  /nix/store/qmaqgf4cj8mkfc98d6pd3ardz092f146-brotli-1.1.0-lib/lib/libbrotlicommon.so.1.1.0
779cc4174000-779cc4176000 rw-p 00000000 00:00 0 
779cc4176000-779cc4179000 r--p 00000000 08:10 465218069                  /nix/store/4px7vzc531y10r7mmxps1s32cbshbjr2-pcre2-10.42/lib/libpcre2-8.so.0.11.2
779cc4179000-779cc41e4000 r-xp 00003000 08:10 465218069                  /nix/store/4px7vzc531y10r7mmxps1s32cbshbjr2-pcre2-10.42/lib/libpcre2-8.so.0.11.2
779cc41e4000-779cc420f000 r--p 0006e000 08:10 465218069                  /nix/store/4px7vzc531y10r7mmxps1s32cbshbjr2-pcre2-10.42/lib/libpcre2-8.so.0.11.2
779cc420f000-779cc4210000 r--p 00099000 08:10 465218069                  /nix/store/4px7vzc531y10r7mmxps1s32cbshbjr2-pcre2-10.42/lib/libpcre2-8.so.0.11.2
779cc4210000-779cc4211000 rw-p 0009a000 08:10 465218069                  /nix/store/4px7vzc531y10r7mmxps1s32cbshbjr2-pcre2-10.42/lib/libpcre2-8.so.0.11.2
779cc4211000-779cc4212000 r--p 00000000 08:10 465189942                  /nix/store/qmaqgf4cj8mkfc98d6pd3ardz092f146-brotli-1.1.0-lib/lib/libbrotlidec.so.1.1.0
779cc4212000-779cc421a000 r-xp 00001000 08:10 465189942                  /nix/store/qmaqgf4cj8mkfc98d6pd3ardz092f146-brotli-1.1.0-lib/lib/libbrotlidec.so.1.1.0
779cc421a000-779cc421d000 r--p 00009000 08:10 465189942                  /nix/store/qmaqgf4cj8mkfc98d6pd3ardz092f146-brotli-1.1.0-lib/lib/libbrotlidec.so.1.1.0
779cc421d000-779cc421e000 r--p 0000b000 08:10 465189942                  /nix/store/qmaqgf4cj8mkfc98d6pd3ardz092f146-brotli-1.1.0-lib/lib/libbrotlidec.so.1.1.0
779cc421e000-779cc421f000 rw-p 0000c000 08:10 465189942                  /nix/store/qmaqgf4cj8mkfc98d6pd3ardz092f146-brotli-1.1.0-lib/lib/libbrotlidec.so.1.1.0
779cc421f000-779cc4225000 r--p 00000000 08:10 465242985                  /nix/store/v8jrcx5r8j74wkb6q3qfv73aizl8vl3z-libpng-apng-1.6.40/lib/libpng16.so.16.40.0
779cc4225000-779cc424a000 r-xp 00006000 08:10 465242985                  /nix/store/v8jrcx5r8j74wkb6q3qfv73aizl8vl3z-libpng-apng-1.6.40/lib/libpng16.so.16.40.0
779cc424a000-779cc4256000 r--p 0002b000 08:10 465242985                  /nix/store/v8jrcx5r8j74wkb6q3qfv73aizl8vl3z-libpng-apng-1.6.40/lib/libpng16.so.16.40.0
779cc4256000-779cc4257000 r--p 00036000 08:10 465242985                  /nix/store/v8jrcx5r8j74wkb6q3qfv73aizl8vl3z-libpng-apng-1.6.40/lib/libpng16.so.16.40.0
779cc4257000-779cc4258000 rw-p 00037000 08:10 465242985                  /nix/store/v8jrcx5r8j74wkb6q3qfv73aizl8vl3z-libpng-apng-1.6.40/lib/libpng16.so.16.40.0
779cc4258000-779cc425a000 r--p 00000000 08:10 465190006                  /nix/store/155qsyx1mv11fsi48nz4dlc0vh1a3drx-bzip2-1.0.8/lib/libbz2.so.1.0.8
779cc425a000-779cc4267000 r-xp 00002000 08:10 465190006                  /nix/store/155qsyx1mv11fsi48nz4dlc0vh1a3drx-bzip2-1.0.8/lib/libbz2.so.1.0.8
779cc4267000-779cc4269000 r--p 0000f000 08:10 465190006                  /nix/store/155qsyx1mv11fsi48nz4dlc0vh1a3drx-bzip2-1.0.8/lib/libbz2.so.1.0.8
779cc4269000-779cc426a000 r--p 00010000 08:10 465190006                  /nix/store/155qsyx1mv11fsi48nz4dlc0vh1a3drx-bzip2-1.0.8/lib/libbz2.so.1.0.8
779cc426a000-779cc426b000 rw-p 00011000 08:10 465190006                  /nix/store/155qsyx1mv11fsi48nz4dlc0vh1a3drx-bzip2-1.0.8/lib/libbz2.so.1.0.8
779cc426b000-779cc426e000 r--p 00000000 08:10 465219457                  /nix/store/8xgb8phqmfn9h971q7dg369h647i1aa0-zlib-1.3/lib/libz.so.1.3
779cc426e000-779cc4280000 r-xp 00003000 08:10 465219457                  /nix/store/8xgb8phqmfn9h971q7dg369h647i1aa0-zlib-1.3/lib/libz.so.1.3
779cc4280000-779cc4287000 r--p 00015000 08:10 465219457                  /nix/store/8xgb8phqmfn9h971q7dg369h647i1aa0-zlib-1.3/lib/libz.so.1.3
779cc4287000-779cc4288000 r--p 0001b000 08:10 465219457                  /nix/store/8xgb8phqmfn9h971q7dg369h647i1aa0-zlib-1.3/lib/libz.so.1.3
779cc4288000-779cc4289000 rw-p 0001c000 08:10 465219457                  /nix/store/8xgb8phqmfn9h971q7dg369h647i1aa0-zlib-1.3/lib/libz.so.1.3
779cc4289000-779cc428b000 rw-p 00000000 00:00 0 
779cc428b000-779cc428d000 r--p 00000000 08:10 465206152                  /nix/store/9xzikv6bazynffp7428g8hh89acz555v-libXdmcp-1.1.4/lib/libXdmcp.so.6.0.0
779cc428d000-779cc428f000 r-xp 00002000 08:10 465206152                  /nix/store/9xzikv6bazynffp7428g8hh89acz555v-libXdmcp-1.1.4/lib/libXdmcp.so.6.0.0
779cc428f000-779cc4291000 r--p 00004000 08:10 465206152                  /nix/store/9xzikv6bazynffp7428g8hh89acz555v-libXdmcp-1.1.4/lib/libXdmcp.so.6.0.0
779cc4291000-779cc4292000 r--p 00005000 08:10 465206152                  /nix/store/9xzikv6bazynffp7428g8hh89acz555v-libXdmcp-1.1.4/lib/libXdmcp.so.6.0.0
779cc4292000-779cc4293000 rw-p 00006000 08:10 465206152                  /nix/store/9xzikv6bazynffp7428g8hh89acz555v-libXdmcp-1.1.4/lib/libXdmcp.so.6.0.0
779cc4293000-779cc4294000 r--p 00000000 08:10 465206093                  /nix/store/kwjc7cgrip6smiq2xlsr7yrl3rgklwvs-libXau-1.0.11/lib/libXau.so.6.0.0
779cc4294000-779cc4295000 r-xp 00001000 08:10 465206093                  /nix/store/kwjc7cgrip6smiq2xlsr7yrl3rgklwvs-libXau-1.0.11/lib/libXau.so.6.0.0
779cc4295000-779cc4296000 r--p 00002000 08:10 465206093                  /nix/store/kwjc7cgrip6smiq2xlsr7yrl3rgklwvs-libXau-1.0.11/lib/libXau.so.6.0.0
779cc4296000-779cc4297000 r--p 00002000 08:10 465206093                  /nix/store/kwjc7cgrip6smiq2xlsr7yrl3rgklwvs-libXau-1.0.11/lib/libXau.so.6.0.0
779cc4297000-779cc4298000 rw-p 00003000 08:10 465206093                  /nix/store/kwjc7cgrip6smiq2xlsr7yrl3rgklwvs-libXau-1.0.11/lib/libXau.so.6.0.0
779cc4298000-779cc429a000 r--p 00000000 08:10 465216833                  /nix/store/78q6fxprnxnhvmv13s6qbvnq3q45m9g3-libXtst-1.2.4/lib/libXtst.so.6.1.0
779cc429a000-779cc429d000 r-xp 00002000 08:10 465216833                  /nix/store/78q6fxprnxnhvmv13s6qbvnq3q45m9g3-libXtst-1.2.4/lib/libXtst.so.6.1.0
779cc429d000-779cc429e000 r--p 00005000 08:10 465216833                  /nix/store/78q6fxprnxnhvmv13s6qbvnq3q45m9g3-libXtst-1.2.4/lib/libXtst.so.6.1.0
779cc429e000-779cc429f000 r--p 00006000 08:10 465216833                  /nix/store/78q6fxprnxnhvmv13s6qbvnq3q45m9g3-libXtst-1.2.4/lib/libXtst.so.6.1.0
779cc429f000-779cc42a0000 rw-p 00007000 08:10 465216833                  /nix/store/78q6fxprnxnhvmv13s6qbvnq3q45m9g3-libXtst-1.2.4/lib/libXtst.so.6.1.0
779cc42a0000-779cc42a2000 rw-p 00000000 00:00 0 
779cc42a2000-779cc42a5000 r--p 00000000 08:10 465196839                  /nix/store/l0zdl1j9gc4w9j5b5k725m8fhlvmx7cb-graphite2-1.3.14/lib/libgraphite2.so.3.2.1
779cc42a5000-779cc42c3000 r-xp 00003000 08:10 465196839                  /nix/store/l0zdl1j9gc4w9j5b5k725m8fhlvmx7cb-graphite2-1.3.14/lib/libgraphite2.so.3.2.1
779cc42c3000-779cc42c8000 r--p 00021000 08:10 465196839                  /nix/store/l0zdl1j9gc4w9j5b5k725m8fhlvmx7cb-graphite2-1.3.14/lib/libgraphite2.so.3.2.1
779cc42c8000-779cc42ca000 r--p 00025000 08:10 465196839                  /nix/store/l0zdl1j9gc4w9j5b5k725m8fhlvmx7cb-graphite2-1.3.14/lib/libgraphite2.so.3.2.1
779cc42ca000-779cc42cb000 rw-p 00027000 08:10 465196839                  /nix/store/l0zdl1j9gc4w9j5b5k725m8fhlvmx7cb-graphite2-1.3.14/lib/libgraphite2.so.3.2.1
779cc42cb000-779cc42ed000 r--p 00000000 08:10 465239421                  /nix/store/5qxy21wbd1n391y8wrf2djyjkiz1bs16-glib-2.78.1/lib/libglib-2.0.so.0.7800.1
779cc42ed000-779cc4384000 r-xp 00022000 08:10 465239421                  /nix/store/5qxy21wbd1n391y8wrf2djyjkiz1bs16-glib-2.78.1/lib/libglib-2.0.so.0.7800.1
779cc4384000-779cc4411000 r--p 000b9000 08:10 465239421                  /nix/store/5qxy21wbd1n391y8wrf2djyjkiz1bs16-glib-2.78.1/lib/libglib-2.0.so.0.7800.1
779cc4411000-779cc4412000 r--p 00145000 08:10 465239421                  /nix/store/5qxy21wbd1n391y8wrf2djyjkiz1bs16-glib-2.78.1/lib/libglib-2.0.so.0.7800.1
779cc4412000-779cc4413000 rw-p 00146000 08:10 465239421                  /nix/store/5qxy21wbd1n391y8wrf2djyjkiz1bs16-glib-2.78.1/lib/libglib-2.0.so.0.7800.1
779cc4413000-779cc4414000 rw-p 00000000 00:00 0 
779cc4414000-779cc4422000 r--p 00000000 08:10 465243098                  /nix/store/zsrrg9qbwkb121gk62irzp590g5jib3j-freetype-2.13.2/lib/libfreetype.so.6.20.1
779cc4422000-779cc44ad000 r-xp 0000e000 08:10 465243098                  /nix/store/zsrrg9qbwkb121gk62irzp590g5jib3j-freetype-2.13.2/lib/libfreetype.so.6.20.1
779cc44ad000-779cc44d8000 r--p 00099000 08:10 465243098                  /nix/store/zsrrg9qbwkb121gk62irzp590g5jib3j-freetype-2.13.2/lib/libfreetype.so.6.20.1
779cc44d8000-779cc44e0000 r--p 000c3000 08:10 465243098                  /nix/store/zsrrg9qbwkb121gk62irzp590g5jib3j-freetype-2.13.2/lib/libfreetype.so.6.20.1
779cc44e0000-779cc44e1000 rw-p 000cb000 08:10 465243098                  /nix/store/zsrrg9qbwkb121gk62irzp590g5jib3j-freetype-2.13.2/lib/libfreetype.so.6.20.1
779cc44e1000-779cc44e3000 r--p 00000000 08:10 465216803                  /nix/store/l2gsmsw408463p7bnxmwjlkf551sglkj-libXrender-0.9.11/lib/libXrender.so.1.3.0
779cc44e3000-779cc44ea000 r-xp 00002000 08:10 465216803                  /nix/store/l2gsmsw408463p7bnxmwjlkf551sglkj-libXrender-0.9.11/lib/libXrender.so.1.3.0
779cc44ea000-779cc44ec000 r--p 00009000 08:10 465216803                  /nix/store/l2gsmsw408463p7bnxmwjlkf551sglkj-libXrender-0.9.11/lib/libXrender.so.1.3.0
779cc44ec000-779cc44ed000 r--p 0000a000 08:10 465216803                  /nix/store/l2gsmsw408463p7bnxmwjlkf551sglkj-libXrender-0.9.11/lib/libXrender.so.1.3.0
779cc44ed000-779cc44ee000 rw-p 0000b000 08:10 465216803                  /nix/store/l2gsmsw408463p7bnxmwjlkf551sglkj-libXrender-0.9.11/lib/libXrender.so.1.3.0
779cc44ee000-779cc44f0000 rw-p 00000000 00:00 0 
779cc44f0000-779cc44fd000 r--p 00000000 08:10 465213592                  /nix/store/mdxa9k44xzha1bwwdr3wrbxs4ncb03sq-libxcb-1.16/lib/libxcb.so.1.1.0
779cc44fd000-779cc4510000 r-xp 0000d000 08:10 465213592                  /nix/store/mdxa9k44xzha1bwwdr3wrbxs4ncb03sq-libxcb-1.16/lib/libxcb.so.1.1.0
779cc4510000-779cc4519000 r--p 00020000 08:10 465213592                  /nix/store/mdxa9k44xzha1bwwdr3wrbxs4ncb03sq-libxcb-1.16/lib/libxcb.so.1.1.0
779cc4519000-779cc451a000 r--p 00028000 08:10 465213592                  /nix/store/mdxa9k44xzha1bwwdr3wrbxs4ncb03sq-libxcb-1.16/lib/libxcb.so.1.1.0
779cc451a000-779cc451b000 rw-p 00029000 08:10 465213592                  /nix/store/mdxa9k44xzha1bwwdr3wrbxs4ncb03sq-libxcb-1.16/lib/libxcb.so.1.1.0
779cc451b000-779cc451c000 r--p 00000000 08:10 465181555                  /nix/store/qn3ggz5sf3hkjs2c797xf7nan3amdxmp-glibc-2.38-27/lib/librt.so.1
779cc451c000-779cc451d000 r-xp 00001000 08:10 465181555                  /nix/store/qn3ggz5sf3hkjs2c797xf7nan3amdxmp-glibc-2.38-27/lib/librt.so.1
779cc451d000-779cc451e000 r--p 00002000 08:10 465181555                  /nix/store/qn3ggz5sf3hkjs2c797xf7nan3amdxmp-glibc-2.38-27/lib/librt.so.1
779cc451e000-779cc451f000 r--p 00002000 08:10 465181555                  /nix/store/qn3ggz5sf3hkjs2c797xf7nan3amdxmp-glibc-2.38-27/lib/librt.so.1
779cc451f000-779cc4520000 rw-p 00003000 08:10 465181555                  /nix/store/qn3ggz5sf3hkjs2c797xf7nan3amdxmp-glibc-2.38-27/lib/librt.so.1
779cc4520000-779cc4521000 r--p 00000000 08:10 465181534                  /nix/store/qn3ggz5sf3hkjs2c797xf7nan3amdxmp-glibc-2.38-27/lib/libdl.so.2
779cc4521000-779cc4522000 r-xp 00001000 08:10 465181534                  /nix/store/qn3ggz5sf3hkjs2c797xf7nan3amdxmp-glibc-2.38-27/lib/libdl.so.2
779cc4522000-779cc4523000 r--p 00002000 08:10 465181534                  /nix/store/qn3ggz5sf3hkjs2c797xf7nan3amdxmp-glibc-2.38-27/lib/libdl.so.2
779cc4523000-779cc4524000 r--p 00002000 08:10 465181534                  /nix/store/qn3ggz5sf3hkjs2c797xf7nan3amdxmp-glibc-2.38-27/lib/libdl.so.2
779cc4524000-779cc4525000 rw-p 00003000 08:10 465181534                  /nix/store/qn3ggz5sf3hkjs2c797xf7nan3amdxmp-glibc-2.38-27/lib/libdl.so.2
779cc4525000-779cc4549000 r-xp 00000000 08:10 487306458                  /nix/store/ppdlxyq8bgmk8djxq7vryvx4s6hxlmwj-zulu17.44.53-ca-jdk-17.0.8.1/lib/libjava.so
779cc4549000-779cc454a000 ---p 00024000 08:10 487306458                  /nix/store/ppdlxyq8bgmk8djxq7vryvx4s6hxlmwj-zulu17.44.53-ca-jdk-17.0.8.1/lib/libjava.so
779cc454a000-779cc454b000 r--p 00024000 08:10 487306458                  /nix/store/ppdlxyq8bgmk8djxq7vryvx4s6hxlmwj-zulu17.44.53-ca-jdk-17.0.8.1/lib/libjava.so
779cc454b000-779cc454c000 rw-p 00025000 08:10 487306458                  /nix/store/ppdlxyq8bgmk8djxq7vryvx4s6hxlmwj-zulu17.44.53-ca-jdk-17.0.8.1/lib/libjava.so
779cc454c000-779cc454d000 rw-p 00000000 00:00 0 
779cc454d000-779cc4554000 rw-p 0002f000 08:10 487306458                  /nix/store/ppdlxyq8bgmk8djxq7vryvx4s6hxlmwj-zulu17.44.53-ca-jdk-17.0.8.1/lib/libjava.so
779cc4554000-779cc4556000 rw-p 00000000 00:00 0 
779cc4556000-779cc45b1000 r-xp 00000000 08:10 487306432                  /nix/store/ppdlxyq8bgmk8djxq7vryvx4s6hxlmwj-zulu17.44.53-ca-jdk-17.0.8.1/lib/libawt_xawt.so
779cc45b1000-779cc45b2000 ---p 0005b000 08:10 487306432                  /nix/store/ppdlxyq8bgmk8djxq7vryvx4s6hxlmwj-zulu17.44.53-ca-jdk-17.0.8.1/lib/libawt_xawt.so
779cc45b2000-779cc45b3000 r--p 0005b000 08:10 487306432                  /nix/store/ppdlxyq8bgmk8djxq7vryvx4s6hxlmwj-zulu17.44.53-ca-jdk-17.0.8.1/lib/libawt_xawt.so
779cc45b3000-779cc45b5000 rw-p 0005c000 08:10 487306432                  /nix/store/ppdlxyq8bgmk8djxq7vryvx4s6hxlmwj-zulu17.44.53-ca-jdk-17.0.8.1/lib/libawt_xawt.so
779cc45b5000-779cc45b7000 rw-p 00000000 00:00 0 
779cc45b7000-779cc45c2000 rw-p 00073000 08:10 487306432                  /nix/store/ppdlxyq8bgmk8djxq7vryvx4s6hxlmwj-zulu17.44.53-ca-jdk-17.0.8.1/lib/libawt_xawt.so
779cc45c2000-779cc4681000 r-xp 00000000 08:10 487306410                  /nix/store/ppdlxyq8bgmk8djxq7vryvx4s6hxlmwj-zulu17.44.53-ca-jdk-17.0.8.1/lib/libawt.so
779cc4681000-779cc4683000 r--p 000be000 08:10 487306410                  /nix/store/ppdlxyq8bgmk8djxq7vryvx4s6hxlmwj-zulu17.44.53-ca-jdk-17.0.8.1/lib/libawt.so
779cc4683000-779cc468e000 rw-p 000c0000 08:10 487306410                  /nix/store/ppdlxyq8bgmk8djxq7vryvx4s6hxlmwj-zulu17.44.53-ca-jdk-17.0.8.1/lib/libawt.so
779cc468e000-779cc46b3000 rw-p 00000000 00:00 0 
779cc46b3000-779cc46c0000 rw-p 000d9000 08:10 487306410                  /nix/store/ppdlxyq8bgmk8djxq7vryvx4s6hxlmwj-zulu17.44.53-ca-jdk-17.0.8.1/lib/libawt.so
779cc46c0000-779cc46cd000 r--p 00000000 08:10 465243204                  /nix/store/wwlvdg9lfaxrfwn68wx42gycxxc06a5g-harfbuzz-7.3.0/lib/libharfbuzz.so.0.60730.0
779cc46cd000-779cc479f000 r-xp 0000d000 08:10 465243204                  /nix/store/wwlvdg9lfaxrfwn68wx42gycxxc06a5g-harfbuzz-7.3.0/lib/libharfbuzz.so.0.60730.0
779cc479f000-779cc47da000 r--p 000df000 08:10 465243204                  /nix/store/wwlvdg9lfaxrfwn68wx42gycxxc06a5g-harfbuzz-7.3.0/lib/libharfbuzz.so.0.60730.0
779cc47da000-779cc47db000 r--p 0011a000 08:10 465243204                  /nix/store/wwlvdg9lfaxrfwn68wx42gycxxc06a5g-harfbuzz-7.3.0/lib/libharfbuzz.so.0.60730.0
779cc47db000-779cc47dc000 rw-p 0011b000 08:10 465243204                  /nix/store/wwlvdg9lfaxrfwn68wx42gycxxc06a5g-harfbuzz-7.3.0/lib/libharfbuzz.so.0.60730.0
779cc47dc000-779cc47dd000 r--p 00000000 08:10 465181551                  /nix/store/qn3ggz5sf3hkjs2c797xf7nan3amdxmp-glibc-2.38-27/lib/libpthread.so.0
779cc47dd000-779cc47de000 r-xp 00001000 08:10 465181551                  /nix/store/qn3ggz5sf3hkjs2c797xf7nan3amdxmp-glibc-2.38-27/lib/libpthread.so.0
779cc47de000-779cc47df000 r--p 00002000 08:10 465181551                  /nix/store/qn3ggz5sf3hkjs2c797xf7nan3amdxmp-glibc-2.38-27/lib/libpthread.so.0
779cc47df000-779cc47e0000 r--p 00002000 08:10 465181551                  /nix/store/qn3ggz5sf3hkjs2c797xf7nan3amdxmp-glibc-2.38-27/lib/libpthread.so.0
779cc47e0000-779cc47e1000 rw-p 00003000 08:10 465181551                  /nix/store/qn3ggz5sf3hkjs2c797xf7nan3amdxmp-glibc-2.38-27/lib/libpthread.so.0
779cc47e1000-779cc47e3000 rw-p 00000000 00:00 0 
779cc47e3000-779cc47e4000 r--p 00000000 08:10 465216673                  /nix/store/7wf28sqrzldhvmpr7bqj2g3jhjl3d9vk-libXScrnSaver-1.2.4/lib/libXss.so.1.0.0
779cc47e4000-779cc47e5000 r-xp 00001000 08:10 465216673                  /nix/store/7wf28sqrzldhvmpr7bqj2g3jhjl3d9vk-libXScrnSaver-1.2.4/lib/libXss.so.1.0.0
779cc47e5000-779cc47e6000 r--p 00002000 08:10 465216673                  /nix/store/7wf28sqrzldhvmpr7bqj2g3jhjl3d9vk-libXScrnSaver-1.2.4/lib/libXss.so.1.0.0
779cc47e6000-779cc47e7000 r--p 00002000 08:10 465216673                  /nix/store/7wf28sqrzldhvmpr7bqj2g3jhjl3d9vk-libXScrnSaver-1.2.4/lib/libXss.so.1.0.0
779cc47e7000-779cc47e8000 rw-p 00003000 08:10 465216673                  /nix/store/7wf28sqrzldhvmpr7bqj2g3jhjl3d9vk-libXScrnSaver-1.2.4/lib/libXss.so.1.0.0
779cc47e8000-779cc47ea000 r--p 00000000 08:10 465216994                  /nix/store/z1ain3k4hk3hklq1pvnsgimff5gx8204-libXrandr-1.5.4/lib/libXrandr.so.2.2.0
779cc47ea000-779cc47f1000 r-xp 00002000 08:10 465216994                  /nix/store/z1ain3k4hk3hklq1pvnsgimff5gx8204-libXrandr-1.5.4/lib/libXrandr.so.2.2.0
779cc47f1000-779cc47f3000 r--p 00009000 08:10 465216994                  /nix/store/z1ain3k4hk3hklq1pvnsgimff5gx8204-libXrandr-1.5.4/lib/libXrandr.so.2.2.0
779cc47f3000-779cc47f4000 r--p 0000a000 08:10 465216994                  /nix/store/z1ain3k4hk3hklq1pvnsgimff5gx8204-libXrandr-1.5.4/lib/libXrandr.so.2.2.0
779cc47f4000-779cc47f5000 rw-p 0000b000 08:10 465216994                  /nix/store/z1ain3k4hk3hklq1pvnsgimff5gx8204-libXrandr-1.5.4/lib/libXrandr.so.2.2.0
779cc47f5000-779cc47f7000 r--p 00000000 08:10 465216631                  /nix/store/k702cjsmaaxs1qfyxp0jydbcz1hq21aj-libXfixes-6.0.1/lib/libXfixes.so.3.1.0
779cc47f7000-779cc47fa000 r-xp 00002000 08:10 465216631                  /nix/store/k702cjsmaaxs1qfyxp0jydbcz1hq21aj-libXfixes-6.0.1/lib/libXfixes.so.3.1.0
779cc47fa000-779cc47fb000 r--p 00005000 08:10 465216631                  /nix/store/k702cjsmaaxs1qfyxp0jydbcz1hq21aj-libXfixes-6.0.1/lib/libXfixes.so.3.1.0
779cc47fb000-779cc47fc000 r--p 00006000 08:10 465216631                  /nix/store/k702cjsmaaxs1qfyxp0jydbcz1hq21aj-libXfixes-6.0.1/lib/libXfixes.so.3.1.0
779cc47fc000-779cc47fd000 rw-p 00007000 08:10 465216631                  /nix/store/k702cjsmaaxs1qfyxp0jydbcz1hq21aj-libXfixes-6.0.1/lib/libXfixes.so.3.1.0
779cc47fd000-779cc4800000 r--p 00000000 08:10 465216678                  /nix/store/r49dd7lhwcbszkndp327sk4p4l1zbdv1-libXi-1.8.1/lib/libXi.so.6.1.0
779cc4800000-779cc480c000 r-xp 00003000 08:10 465216678                  /nix/store/r49dd7lhwcbszkndp327sk4p4l1zbdv1-libXi-1.8.1/lib/libXi.so.6.1.0
779cc480c000-779cc480f000 r--p 0000f000 08:10 465216678                  /nix/store/r49dd7lhwcbszkndp327sk4p4l1zbdv1-libXi-1.8.1/lib/libXi.so.6.1.0
779cc480f000-779cc4810000 r--p 00011000 08:10 465216678                  /nix/store/r49dd7lhwcbszkndp327sk4p4l1zbdv1-libXi-1.8.1/lib/libXi.so.6.1.0
779cc4810000-779cc4811000 rw-p 00012000 08:10 465216678                  /nix/store/r49dd7lhwcbszkndp327sk4p4l1zbdv1-libXi-1.8.1/lib/libXi.so.6.1.0
779cc4811000-779cc4814000 r--p 00000000 08:10 465216914                  /nix/store/70iyy9bchq62rl5wv9qhcpqpwnd3hysx-libXcursor-1.2.1/lib/libXcursor.so.1.0.2
779cc4814000-779cc481a000 r-xp 00003000 08:10 465216914                  /nix/store/70iyy9bchq62rl5wv9qhcpqpwnd3hysx-libXcursor-1.2.1/lib/libXcursor.so.1.0.2
779cc481a000-779cc481c000 r--p 00009000 08:10 465216914                  /nix/store/70iyy9bchq62rl5wv9qhcpqpwnd3hysx-libXcursor-1.2.1/lib/libXcursor.so.1.0.2
779cc481c000-779cc481d000 r--p 0000a000 08:10 465216914                  /nix/store/70iyy9bchq62rl5wv9qhcpqpwnd3hysx-libXcursor-1.2.1/lib/libXcursor.so.1.0.2
779cc481d000-779cc481e000 rw-p 0000b000 08:10 465216914                  /nix/store/70iyy9bchq62rl5wv9qhcpqpwnd3hysx-libXcursor-1.2.1/lib/libXcursor.so.1.0.2
779cc481e000-779cc4820000 rw-p 00000000 00:00 0 
779cc4820000-779cc4824000 r--p 00000000 08:10 465216560                  /nix/store/qyyw5j9xn5mnjlv5f469h12clp4wdj7b-libXext-1.3.5/lib/libXext.so.6.4.0
779cc4824000-779cc482f000 r-xp 00004000 08:10 465216560                  /nix/store/qyyw5j9xn5mnjlv5f469h12clp4wdj7b-libXext-1.3.5/lib/libXext.so.6.4.0
779cc482f000-779cc4833000 r--p 0000f000 08:10 465216560                  /nix/store/qyyw5j9xn5mnjlv5f469h12clp4wdj7b-libXext-1.3.5/lib/libXext.so.6.4.0
779cc4833000-779cc4834000 r--p 00012000 08:10 465216560                  /nix/store/qyyw5j9xn5mnjlv5f469h12clp4wdj7b-libXext-1.3.5/lib/libXext.so.6.4.0
779cc4834000-779cc4835000 rw-p 00013000 08:10 465216560                  /nix/store/qyyw5j9xn5mnjlv5f469h12clp4wdj7b-libXext-1.3.5/lib/libXext.so.6.4.0
779cc4835000-779cc4853000 r--p 00000000 08:10 465215324                  /nix/store/b7pb0mmcwjp973nj8gcaa2fnmqxckc8q-libX11-1.8.7/lib/libX11.so.6.4.0
779cc4853000-779cc48df000 r-xp 0001e000 08:10 465215324                  /nix/store/b7pb0mmcwjp973nj8gcaa2fnmqxckc8q-libX11-1.8.7/lib/libX11.so.6.4.0
779cc48df000-779cc4974000 r--p 000aa000 08:10 465215324                  /nix/store/b7pb0mmcwjp973nj8gcaa2fnmqxckc8q-libX11-1.8.7/lib/libX11.so.6.4.0
779cc4974000-779cc4975000 r--p 0013f000 08:10 465215324                  /nix/store/b7pb0mmcwjp973nj8gcaa2fnmqxckc8q-libX11-1.8.7/lib/libX11.so.6.4.0
779cc4975000-779cc497a000 rw-p 00140000 08:10 465215324                  /nix/store/b7pb0mmcwjp973nj8gcaa2fnmqxckc8q-libX11-1.8.7/lib/libX11.so.6.4.0
779cc497a000-779cc497c000 rw-p 00000000 00:00 0 
779cc497c000-779cc49a2000 r--p 00000000 08:10 465181529                  /nix/store/qn3ggz5sf3hkjs2c797xf7nan3amdxmp-glibc-2.38-27/lib/libc.so.6
779cc49a2000-779cc4afc000 r-xp 00026000 08:10 465181529                  /nix/store/qn3ggz5sf3hkjs2c797xf7nan3amdxmp-glibc-2.38-27/lib/libc.so.6
779cc4afc000-779cc4b51000 r--p 00180000 08:10 465181529                  /nix/store/qn3ggz5sf3hkjs2c797xf7nan3amdxmp-glibc-2.38-27/lib/libc.so.6
779cc4b51000-779cc4b55000 r--p 001d4000 08:10 465181529                  /nix/store/qn3ggz5sf3hkjs2c797xf7nan3amdxmp-glibc-2.38-27/lib/libc.so.6
779cc4b55000-779cc4b57000 rw-p 001d8000 08:10 465181529                  /nix/store/qn3ggz5sf3hkjs2c797xf7nan3amdxmp-glibc-2.38-27/lib/libc.so.6
779cc4b57000-779cc4b64000 rw-p 00000000 00:00 0 
779cc4b64000-779cc4b68000 r--p 00000000 08:10 465179949                  /nix/store/7vq9zymw7zk2i0k1i4nfkl6hmlx3gxji-gcc-12.3.0-libgcc/lib/libgcc_s.so.1
779cc4b68000-779cc4b7f000 r-xp 00004000 08:10 465179949                  /nix/store/7vq9zymw7zk2i0k1i4nfkl6hmlx3gxji-gcc-12.3.0-libgcc/lib/libgcc_s.so.1
779cc4b7f000-779cc4b83000 r--p 0001b000 08:10 465179949                  /nix/store/7vq9zymw7zk2i0k1i4nfkl6hmlx3gxji-gcc-12.3.0-libgcc/lib/libgcc_s.so.1
779cc4b83000-779cc4b84000 r--p 0001e000 08:10 465179949                  /nix/store/7vq9zymw7zk2i0k1i4nfkl6hmlx3gxji-gcc-12.3.0-libgcc/lib/libgcc_s.so.1
779cc4b84000-779cc4b85000 rw-p 0001f000 08:10 465179949                  /nix/store/7vq9zymw7zk2i0k1i4nfkl6hmlx3gxji-gcc-12.3.0-libgcc/lib/libgcc_s.so.1
779cc4b85000-779cc4b95000 r--p 00000000 08:10 465181536                  /nix/store/qn3ggz5sf3hkjs2c797xf7nan3amdxmp-glibc-2.38-27/lib/libm.so.6
779cc4b95000-779cc4c09000 r-xp 00010000 08:10 465181536                  /nix/store/qn3ggz5sf3hkjs2c797xf7nan3amdxmp-glibc-2.38-27/lib/libm.so.6
779cc4c09000-779cc4c63000 r--p 00084000 08:10 465181536                  /nix/store/qn3ggz5sf3hkjs2c797xf7nan3amdxmp-glibc-2.38-27/lib/libm.so.6
779cc4c63000-779cc4c64000 r--p 000dd000 08:10 465181536                  /nix/store/qn3ggz5sf3hkjs2c797xf7nan3amdxmp-glibc-2.38-27/lib/libm.so.6
779cc4c64000-779cc4c65000 rw-p 000de000 08:10 465181536                  /nix/store/qn3ggz5sf3hkjs2c797xf7nan3amdxmp-glibc-2.38-27/lib/libm.so.6
779cc4c65000-779cc4d06000 r--p 00000000 08:10 465193102                  /nix/store/myw67gkgayf3s2mniij7zwd79lxy8v0k-gcc-12.3.0-lib/lib/libstdc++.so.6.0.30
779cc4d06000-779cc4e0d000 r-xp 000a1000 08:10 465193102                  /nix/store/myw67gkgayf3s2mniij7zwd79lxy8v0k-gcc-12.3.0-lib/lib/libstdc++.so.6.0.30
779cc4e0d000-779cc4e7c000 r--p 001a8000 08:10 465193102                  /nix/store/myw67gkgayf3s2mniij7zwd79lxy8v0k-gcc-12.3.0-lib/lib/libstdc++.so.6.0.30
779cc4e7c000-779cc4e89000 r--p 00217000 08:10 465193102                  /nix/store/myw67gkgayf3s2mniij7zwd79lxy8v0k-gcc-12.3.0-lib/lib/libstdc++.so.6.0.30
779cc4e89000-779cc4e8a000 rw-p 00224000 08:10 465193102                  /nix/store/myw67gkgayf3s2mniij7zwd79lxy8v0k-gcc-12.3.0-lib/lib/libstdc++.so.6.0.30
779cc4e8a000-779cc4e8f000 rw-p 00000000 00:00 0 
779cc4e8f000-779cc60d7000 r-xp 00000000 08:10 487311424                  /nix/store/ppdlxyq8bgmk8djxq7vryvx4s6hxlmwj-zulu17.44.53-ca-jdk-17.0.8.1/lib/server/libjvm.so
779cc60d7000-779cc60d8000 ---p 01248000 08:10 487311424                  /nix/store/ppdlxyq8bgmk8djxq7vryvx4s6hxlmwj-zulu17.44.53-ca-jdk-17.0.8.1/lib/server/libjvm.so
779cc60d8000-779cc6191000 r--p 01248000 08:10 487311424                  /nix/store/ppdlxyq8bgmk8djxq7vryvx4s6hxlmwj-zulu17.44.53-ca-jdk-17.0.8.1/lib/server/libjvm.so
779cc6191000-779cc61c6000 rw-p 01301000 08:10 487311424                  /nix/store/ppdlxyq8bgmk8djxq7vryvx4s6hxlmwj-zulu17.44.53-ca-jdk-17.0.8.1/lib/server/libjvm.so
779cc61c6000-779cc6220000 rw-p 00000000 00:00 0 
779cc6220000-779cc6221000 r-xp 00000000 08:10 487306467                  /nix/store/ppdlxyq8bgmk8djxq7vryvx4s6hxlmwj-zulu17.44.53-ca-jdk-17.0.8.1/lib/libjawt.so
779cc6221000-779cc6222000 r--p 00000000 08:10 487306467                  /nix/store/ppdlxyq8bgmk8djxq7vryvx4s6hxlmwj-zulu17.44.53-ca-jdk-17.0.8.1/lib/libjawt.so
779cc6222000-779cc6223000 rw-p 00001000 08:10 487306467                  /nix/store/ppdlxyq8bgmk8djxq7vryvx4s6hxlmwj-zulu17.44.53-ca-jdk-17.0.8.1/lib/libjawt.so
779cc6223000-779cc6224000 rw-p 00002000 08:10 487306467                  /nix/store/ppdlxyq8bgmk8djxq7vryvx4s6hxlmwj-zulu17.44.53-ca-jdk-17.0.8.1/lib/libjawt.so
779cc6224000-779cc622f000 r--p 00000000 08:10 465334369                  /nix/store/ld9g3hp1c2spplr57x3gmq0ncxs5d8s1-SDL2_ttf-2.20.2/lib/libSDL2_ttf-2.0.so.0.2000.2
779cc622f000-779cc62b6000 r-xp 0000b000 08:10 465334369                  /nix/store/ld9g3hp1c2spplr57x3gmq0ncxs5d8s1-SDL2_ttf-2.20.2/lib/libSDL2_ttf-2.0.so.0.2000.2
779cc62b6000-779cc62e1000 r--p 00092000 08:10 465334369                  /nix/store/ld9g3hp1c2spplr57x3gmq0ncxs5d8s1-SDL2_ttf-2.20.2/lib/libSDL2_ttf-2.0.so.0.2000.2
779cc62e1000-779cc62e8000 r--p 000bd000 08:10 465334369                  /nix/store/ld9g3hp1c2spplr57x3gmq0ncxs5d8s1-SDL2_ttf-2.20.2/lib/libSDL2_ttf-2.0.so.0.2000.2
779cc62e8000-779cc62e9000 rw-p 000c4000 08:10 465334369                  /nix/store/ld9g3hp1c2spplr57x3gmq0ncxs5d8s1-SDL2_ttf-2.20.2/lib/libSDL2_ttf-2.0.so.0.2000.2
779cc62e9000-779cc6319000 r--p 00000000 08:10 465329920                  /nix/store/hzfvp1pay5sqq96l20i4ahi7yrajjgfy-SDL2-2.28.4/lib/libSDL2-2.0.so.0.2800.4
779cc6319000-779cc647f000 r-xp 00030000 08:10 465329920                  /nix/store/hzfvp1pay5sqq96l20i4ahi7yrajjgfy-SDL2-2.28.4/lib/libSDL2-2.0.so.0.2800.4
779cc647f000-779cc64f2000 r--p 00196000 08:10 465329920                  /nix/store/hzfvp1pay5sqq96l20i4ahi7yrajjgfy-SDL2-2.28.4/lib/libSDL2-2.0.so.0.2800.4
779cc64f2000-779cc64fd000 r--p 00208000 08:10 465329920                  /nix/store/hzfvp1pay5sqq96l20i4ahi7yrajjgfy-SDL2-2.28.4/lib/libSDL2-2.0.so.0.2800.4
779cc64fd000-779cc6504000 rw-p 00213000 08:10 465329920                  /nix/store/hzfvp1pay5sqq96l20i4ahi7yrajjgfy-SDL2-2.28.4/lib/libSDL2-2.0.so.0.2800.4
779cc6504000-779cc6509000 rw-p 00000000 00:00 0 
779cc6509000-779cc6512000 rw-p 00262000 08:10 465329920                  /nix/store/hzfvp1pay5sqq96l20i4ahi7yrajjgfy-SDL2-2.28.4/lib/libSDL2-2.0.so.0.2800.4
779cc6512000-779cc6514000 rw-p 00000000 00:00 0 
779cc6514000-779cc6515000 r--p 00000000 08:10 465181523                  /nix/store/qn3ggz5sf3hkjs2c797xf7nan3amdxmp-glibc-2.38-27/lib/ld-linux-x86-64.so.2
779cc6515000-779cc653b000 r-xp 00001000 08:10 465181523                  /nix/store/qn3ggz5sf3hkjs2c797xf7nan3amdxmp-glibc-2.38-27/lib/ld-linux-x86-64.so.2
779cc653b000-779cc6545000 r--p 00027000 08:10 465181523                  /nix/store/qn3ggz5sf3hkjs2c797xf7nan3amdxmp-glibc-2.38-27/lib/ld-linux-x86-64.so.2
779cc6545000-779cc6547000 r--p 00031000 08:10 465181523                  /nix/store/qn3ggz5sf3hkjs2c797xf7nan3amdxmp-glibc-2.38-27/lib/ld-linux-x86-64.so.2
779cc6547000-779cc6549000 rw-p 00033000 08:10 465181523                  /nix/store/qn3ggz5sf3hkjs2c797xf7nan3amdxmp-glibc-2.38-27/lib/ld-linux-x86-64.so.2
7ffecceef000-7ffeccef3000 ---p 00000000 00:00 0 
7ffeccef3000-7ffeccfef000 rw-p 00000000 00:00 0                          [stack]
7ffeccff2000-7ffeccff6000 r--p 00000000 00:00 0                          [vvar]
7ffeccff6000-7ffeccff8000 r-xp 00000000 00:00 0                          [vdso]
ffffffffff600000-ffffffffff601000 --xp 00000000 00:00 0                  [vsyscall]


VM Arguments:
java_command: <unknown>
java_class_path (initial): ../java/CalcRegex
Launcher Type: generic

[Global flags]
     intx CICompilerCount                          = 3                                         {product} {ergonomic}
     uint ConcGCThreads                            = 2                                         {product} {ergonomic}
     uint G1ConcRefinementThreads                  = 6                                         {product} {ergonomic}
   size_t G1HeapRegionSize                         = 8388608                                   {product} {ergonomic}
    uintx GCDrainStackTargetSize                   = 64                                        {product} {ergonomic}
   size_t InitialHeapSize                          = 1056964608                                {product} {ergonomic}
   size_t MarkStackSize                            = 4194304                                   {product} {ergonomic}
   size_t MaxHeapSize                              = 16861102080                               {product} {ergonomic}
   size_t MaxNewSize                               = 10116661248                               {product} {ergonomic}
   size_t MinHeapDeltaBytes                        = 8388608                                   {product} {ergonomic}
   size_t MinHeapSize                              = 8388608                                   {product} {ergonomic}
    uintx NonNMethodCodeHeapSize                   = 5832780                                {pd product} {ergonomic}
    uintx NonProfiledCodeHeapSize                  = 122912730                              {pd product} {ergonomic}
    uintx ProfiledCodeHeapSize                     = 122912730                              {pd product} {ergonomic}
    uintx ReservedCodeCacheSize                    = 251658240                              {pd product} {ergonomic}
     bool SegmentedCodeCache                       = true                                      {product} {ergonomic}
   size_t SoftMaxHeapSize                          = 16861102080                            {manageable} {ergonomic}
     bool UseCompressedClassPointers               = true                           {product lp64_product} {ergonomic}
     bool UseCompressedOops                        = true                           {product lp64_product} {ergonomic}
     bool UseG1GC                                  = true                                      {product} {ergonomic}

Logging:
Log output configuration:
 #0: stdout all=warning uptime,level,tags
 #1: stderr all=off uptime,level,tags

Environment Variables:
JAVA_HOME=/nix/store/ppdlxyq8bgmk8djxq7vryvx4s6hxlmwj-zulu17.44.53-ca-jdk-17.0.8.1
PATH=/nix/store/x88ivkf7rmrhd5x3cvyv5vh3zqqdnhsk-bash-interactive-5.2-p15/bin:/nix/store/85jldj870vzcl72yz03labc93bwvqayx-patchelf-0.15.0/bin:/nix/store/90h6k8ylkgn81k10190v5c9ldyjpzgl9-gcc-wrapper-12.3.0/bin:/nix/store/hf2gy3km07d5m0p1lwmja0rg9wlnmyr7-gcc-12.3.0/bin:/nix/store/cx01qk0qyylvkgisbwc7d3pk8sliccgh-glibc-2.38-27-bin/bin:/nix/store/bblyj5b3ii8n6v4ra0nb37cmi3lf8rz9-coreutils-9.3/bin:/nix/store/1alqjnr40dsk7cl15l5sn5y2zdxidc1v-binutils-wrapper-2.40/bin:/nix/store/1fn92b0783crypjcxvdv6ycmvi27by0j-binutils-2.40/bin:/nix/store/ppdlxyq8bgmk8djxq7vryvx4s6hxlmwj-zulu17.44.53-ca-jdk-17.0.8.1/bin:/nix/store/3ikk7z0dfqrd2lbfndn57wzwzpv5yzb5-clang-13.0.1-dev/bin:/nix/store/pvql127yssmpyvddifzj48sd9qbabrh7-clang-13.0.1/bin:/nix/store/y1g2zg0ykw0pfzxrrji2ap5203kb22w5-gdb-13.2/bin:/nix/store/k1q1lgnrd08a8aq7fwfsdkmikry6b4mb-SDL2-2.28.4-dev/bin:/nix/store/vnhl4zdy7igx9gd3q1d548vwzz15a9ma-cmake-3.27.7/bin:/nix/store/n37gxbg343hxin3wdryx092mz2dkafy8-clang-wrapper-16.0.6/bin:/nix/store/5ql31bfsgynanf794wnl2wlbs23q7b8h-clang-16.0.6/bin:/nix/store/v3p0rlln4cv1hkp506jsn3f1jg3p52n7-binutils-wrapper-2.40/bin:/nix/store/jaif1a70s73dx6j3wmxszhs4ghyb91gx-attr-2.5.1-bin/bin:/nix/store/hc0xnmdf4fpp7cyy1p88my82zvm87ph2-libcap-2.69/bin:/nix/store/lnpjvqr1d2lmn5hs732k3llrp06j2p3s-pulseaudio-16.1/bin:/nix/store/bvcy754fs6bkfamdf43cjyyskx99d9rx-compiler-rt-libc-16.0.6/bin:/nix/store/l974pi8a5yqjrjlzmg6apk0jwjv81yqw-findutils-4.9.0/bin:/nix/store/8q25nyfirzsng6p57yp8hsaldqqbc7dg-diffutils-3.10/bin:/nix/store/9c5qm297qnvwcf7j0gm01qrslbiqz8rs-gnused-4.9/bin:/nix/store/rx2wig5yhpbwhnqxdy4z7qivj9ln7fab-gnugrep-3.11/bin:/nix/store/7wfya2k95zib8jl0jk5hnbn856sqcgfk-gawk-5.2.2/bin:/nix/store/xpidksbd07in3nd4sjx79ybwwy81b338-gnutar-1.35/bin:/nix/store/202iqv4bd7lh6f7fpy48p7q4d96lqdp7-gzip-1.13/bin:/nix/store/ik7jardq92dxw3fnz3vmlcgi9c8dwwdq-bzip2-1.0.8-bin/bin:/nix/store/v4iswb5kwj33l46dyh2zqh0nkxxlr3mz-gnumake-4.4.1/bin:/nix/store/q1c2flcykgr4wwg5a6h450hxbk4ch589-bash-5.2-p15/bin:/nix/store/cbj1ph7zi
DISPLAY=:0
LANG=en_US.UTF-8
TERM=xterm-256color

Active Locale:
LC_ALL=en_US.UTF-8
LC_COLLATE=en_US.UTF-8
LC_CTYPE=en_US.UTF-8
LC_MESSAGES=en_US.UTF-8
LC_MONETARY=en_US.UTF-8
LC_NUMERIC=en_US.UTF-8
LC_TIME=en_US.UTF-8

Signal Handlers:
   SIGSEGV: crash_handler in libjvm.so, mask=11100100010111111101111111111110, flags=SA_RESTART|SA_SIGINFO, unblocked
    SIGBUS: crash_handler in libjvm.so, mask=11100100010111111101111111111110, flags=SA_RESTART|SA_SIGINFO, unblocked
    SIGFPE: crash_handler in libjvm.so, mask=11100100010111111101111111111110, flags=SA_RESTART|SA_SIGINFO, unblocked
   SIGPIPE: javaSignalHandler in libjvm.so, mask=11100100010111111101111111111110, flags=SA_RESTART|SA_SIGINFO, blocked
   SIGXFSZ: javaSignalHandler in libjvm.so, mask=11100100010111111101111111111110, flags=SA_RESTART|SA_SIGINFO, blocked
    SIGILL: crash_handler in libjvm.so, mask=11100100010111111101111111111110, flags=SA_RESTART|SA_SIGINFO, unblocked
   SIGUSR2: SR_handler in libjvm.so, mask=00000000000000000000000000000000, flags=SA_RESTART|SA_SIGINFO, blocked
    SIGHUP: UserHandler in libjvm.so, mask=11100100010111111101111111111110, flags=SA_RESTART|SA_SIGINFO, blocked
    SIGINT: UserHandler in libjvm.so, mask=11100100010111111101111111111110, flags=SA_RESTART|SA_SIGINFO, blocked
   SIGTERM: UserHandler in libjvm.so, mask=11100100010111111101111111111110, flags=SA_RESTART|SA_SIGINFO, blocked
   SIGQUIT: UserHandler in libjvm.so, mask=11100100010111111101111111111110, flags=SA_RESTART|SA_SIGINFO, blocked
   SIGTRAP: crash_handler in libjvm.so, mask=11100100010111111101111111111110, flags=SA_RESTART|SA_SIGINFO, unblocked


---------------  S Y S T E M  ---------------

OS:
DISTRIB_ID=Ubuntu
DISTRIB_RELEASE=20.04
DISTRIB_CODENAME=focal
DISTRIB_DESCRIPTION="Ubuntu 20.04.2 LTS"
uname: Linux 6.5.0-1017-gcp #17~22.04.1-Ubuntu SMP Thu Mar 14 20:30:38 UTC 2024 x86_64
OS uptime: 0 days 3:28 hours
libc: glibc 2.38 NPTL 2.38 
rlimit (soft/hard): STACK 8192k/infinity , CORE infinity/infinity , NPROC infinity/infinity , NOFILE 5242/5242 , AS infinity/infinity , CPU infinity/infinity , DATA infinity/infinity , FSIZE infinity/infinity , MEMLOCK 8192k/8192k
load average: 12.05 13.36 12.67

/proc/meminfo:
MemTotal:       65835408 kB
MemFree:        32525632 kB
MemAvailable:   43491076 kB
Buffers:          478172 kB
Cached:         10074752 kB
SwapCached:            0 kB
Active:         23741124 kB
Inactive:        7129656 kB
Active(anon):   19992780 kB
Inactive(anon):    88960 kB
Active(file):    3748344 kB
Inactive(file):  7040696 kB
Unevictable:       27996 kB
Mlocked:           27996 kB
SwapTotal:             0 kB
SwapFree:              0 kB
Zswap:                 0 kB
Zswapped:              0 kB
Dirty:              6648 kB
Writeback:             0 kB
AnonPages:      20250676 kB
Mapped:          2153236 kB
Shmem:            278412 kB
KReclaimable:     902856 kB
Slab:            1497012 kB
SReclaimable:     902856 kB
SUnreclaim:       594156 kB
KernelStack:      182352 kB
PageTables:       347528 kB
SecPageTables:         0 kB
NFS_Unstable:          0 kB
Bounce:                0 kB
WritebackTmp:          0 kB
CommitLimit:    32917704 kB
Committed_AS:   63846948 kB
VmallocTotal:   34359738367 kB
VmallocUsed:      210740 kB
VmallocChunk:          0 kB
Percpu:            43072 kB
HardwareCorrupted:     0 kB
AnonHugePages:    278528 kB
ShmemHugePages:        0 kB
ShmemPmdMapped:        0 kB
FileHugePages:         0 kB
FilePmdMapped:         0 kB
Unaccepted:            0 kB
HugePages_Total:       0
HugePages_Free:        0
HugePages_Rsvd:        0
HugePages_Surp:        0
Hugepagesize:       2048 kB
Hugetlb:               0 kB
DirectMap4k:      142136 kB
DirectMap2M:     8243200 kB
DirectMap1G:    60817408 kB

/sys/kernel/mm/transparent_hugepage/enabled: always [madvise] never
/sys/kernel/mm/transparent_hugepage/defrag (defrag/compaction efforts parameter): always defer defer+madvise [madvise] never

Process Memory:
Virtual Size: 19743368K (peak: 19743368K)
Resident Set Size: 47388K (peak: 47388K) (anon: 24448K, file: 22940K, shmem: 0K)
Swapped out: 0K
C-Heap outstanding allocations: 21259K, retained: 1952K
glibc malloc tunables: (default)

/proc/sys/kernel/threads-max (system-wide limit on the number of threads): 514277
/proc/sys/vm/max_map_count (maximum number of memory map areas a process may have): 65530
/proc/sys/kernel/pid_max (system-wide limit on number of process identifiers): 4194304

container (cgroup) information:
container_type: cgroupv2
cpu_cpuset_cpus: not supported
cpu_memory_nodes: not supported
active_processor_count: 6
cpu_quota: no quota
cpu_period: 100000
cpu_shares: no shares
memory_limit_in_bytes: unlimited
memory_and_swap_limit_in_bytes: unlimited
memory_soft_limit_in_bytes: unlimited
memory_usage_in_bytes: 28220 k
memory_max_usage_in_bytes: not supported
memory_swap_current_in_bytes: unlimited
memory_swap_max_limit_in_bytes: unlimited
maximum number of tasks: not supported
current number of tasks: not supported

KVM virtualization detected
Steal ticks since vm start: 0
Steal ticks percentage since vm start:  0.000

CPU: total 8 (initial active 6) (8 cores per cpu, 2 threads per core) family 23 model 49 stepping 0 microcode 0xffffffff, cx8, cmov, fxsr, ht, mmx, 3dnowpref, sse, sse2, sse3, ssse3, sse4a, sse4.1, sse4.2, popcnt, lzcnt, tsc, tscinvbit, avx, avx2, aes, clmul, bmi1, bmi2, adx, sha, fma, vzeroupper, clflush, clflushopt, hv
CPU Model and flags from /proc/cpuinfo:
model name	: AMD EPYC 7B12
flags		: fpu vme de pse tsc msr pae mce cx8 apic sep mtrr pge mca cmov pat pse36 clflush mmx fxsr sse sse2 ht syscall nx mmxext fxsr_opt pdpe1gb rdtscp lm constant_tsc rep_good nopl nonstop_tsc cpuid extd_apicid tsc_known_freq pni pclmulqdq ssse3 fma cx16 sse4_1 sse4_2 x2apic movbe popcnt aes xsave avx f16c rdrand hypervisor lahf_lm cmp_legacy cr8_legacy abm sse4a misalignsse 3dnowprefetch osvw topoext ssbd ibrs ibpb stibp vmmcall fsgsbase tsc_adjust bmi1 avx2 smep bmi2 rdseed adx smap clflushopt clwb sha_ni xsaveopt xsavec xgetbv1 clzero xsaveerptr arat npt nrip_save umip rdpid

Online cpus: 0-7
Offline cpus: 
BIOS frequency limitation: <Not Available>
Frequency switch latency (ns): <Not Available>
Available cpu frequencies: <Not Available>
Current governor: <Not Available>
Core performance/turbo boost: <Not Available>

Memory: 4k page, physical 65835408k(32525632k free), swap 0k(0k free)
Page Sizes: 4k

vm_info: OpenJDK 64-Bit Server VM (17.0.8.1+1-LTS) for linux-amd64 JRE (17.0.8.1+1-LTS) (Zulu17.44+53-CA), built on Aug 23 2023 12:41:46 by "zulu_re" with gcc 8.3.0

END.
